<html>
<head>
<title>TestNG:  Default test</title>
<link href="../testng.css" rel="stylesheet" type="text/css" />
<link href="../my-testng.css" rel="stylesheet" type="text/css" />

<style type="text/css">
.log { display: none;} 
.stack-trace { display: none;} 
</style>
<script type="text/javascript">
<!--
function flip(e) {
  current = e.style.display;
  if (current == 'block') {
    e.style.display = 'none';
    return 0;
  }
  else {
    e.style.display = 'block';
    return 1;
  }
}

function toggleBox(szDivId, elem, msg1, msg2)
{
  var res = -1;  if (document.getElementById) {
    res = flip(document.getElementById(szDivId));
  }
  else if (document.all) {
    // this is the way old msie versions work
    res = flip(document.all[szDivId]);
  }
  if(elem) {
    if(res == 0) elem.innerHTML = msg1; else elem.innerHTML = msg2;
  }

}

function toggleAllBoxes() {
  if (document.getElementsByTagName) {
    d = document.getElementsByTagName('div');
    for (i = 0; i < d.length; i++) {
      if (d[i].className == 'log') {
        flip(d[i]);
      }
    }
  }
}

// -->
</script>

</head>
<body>
<h2 align='center'>Default test</h2><table border='1' align="center">
<tr>
<td>Tests passed/Failed/Skipped:</td><td>1/16/0</td>
</tr><tr>
<td>Started on:</td><td>Mon Oct 01 12:22:26 IST 2012</td>
</tr>
<tr><td>Total time:</td><td>32 seconds (32644 ms)</td>
</tr><tr>
<td>Included groups:</td><td></td>
</tr><tr>
<td>Excluded groups:</td><td></td>
</tr>
</table><p/>
<small><i>(Hover the method name to see the test class name)</i></small><p/>
<table width='100%' border='1' class='invocation-failed'>
<tr><td colspan='4' align='center'><b>FAILED TESTS</b></td></tr>
<tr><td><b>Test method</b></td>
<td width="30%"><b>Exception</b></td>
<td width="10%"><b>Time (seconds)</b></td>
<td><b>Instance</b></td>
</tr>
<tr>
<td title='com.clogic.SeleniumFramework.ClassTest.assignAgentTest()'><b>assignAgentTest</b><br>Test class: com.clogic.SeleniumFramework.ClassTest<br>Test method: assign Agent</td>
<td><div><pre>org.openqa.selenium.WebDriverException: Session not found: ec68ce2a-e8ef-4d2f-8c29-3d41bd15fcba
Command duration or timeout: 31 milliseconds
Build info: version: &apos;2.24.1&apos;, revision: &apos;17205&apos;, time: &apos;2012-06-19 16:53:24&apos;
System info: os.name: &apos;Windows Vista&apos;, os.arch: &apos;x86&apos;, os.version: &apos;6.0&apos;, java.version: &apos;1.6.0_33&apos;
Driver info: driver.version: FirefoxDriver
Session ID: ec68ce2a-e8ef-4d2f-8c29-3d41bd15fcba
	at sun.reflect.NativeConstructorAccessorImpl.newInstance0(Native Method)
	at sun.reflect.NativeConstructorAccessorImpl.newInstance(NativeConstructorAccessorImpl.java:39)
	at sun.reflect.DelegatingConstructorAccessorImpl.newInstance(DelegatingConstructorAccessorImpl.java:27)
	at java.lang.reflect.Constructor.newInstance(Constructor.java:513)
	at org.openqa.selenium.remote.ErrorHandler.createThrowable(ErrorHandler.java:188)
	at org.openqa.selenium.remote.ErrorHandler.throwIfResponseFailed(ErrorHandler.java:145)
	at org.openqa.selenium.remote.RemoteWebDriver.execute(RemoteWebDriver.java:472)
	at org.openqa.selenium.firefox.FirefoxDriver$$EnhancerByCGLIB$$315271e8.CGLIB$execute$55(&lt;generated&gt;)
	at org.openqa.selenium.firefox.FirefoxDriver$$EnhancerByCGLIB$$315271e8$$FastClassByCGLIB$$4e3fac68.invoke(&lt;generated&gt;)
	at net.sf.cglib.proxy.MethodProxy.invokeSuper(MethodProxy.java:167)
	at org.openqa.selenium.remote.Augmenter$CompoundHandler.intercept(Augmenter.java:261)
	at org.openqa.selenium.firefox.FirefoxDriver$$EnhancerByCGLIB$$315271e8.execute(&lt;generated&gt;)
	at org.openqa.selenium.remote.RemoteWebDriver.execute(RemoteWebDriver.java:476)
	at org.openqa.selenium.firefox.FirefoxDriver$$EnhancerByCGLIB$$315271e8.CGLIB$execute$54(&lt;generated&gt;)
	at org.openqa.selenium.firefox.FirefoxDriver$$EnhancerByCGLIB$$315271e8$$FastClassByCGLIB$$4e3fac68.invoke(&lt;generated&gt;)
	at net.sf.cglib.proxy.MethodProxy.invokeSuper(MethodProxy.java:167)
	at org.openqa.selenium.remote.Augmenter$CompoundHandler.intercept(Augmenter.java:261)
	at org.openqa.selenium.firefox.FirefoxDriver$$EnhancerByCGLIB$$315271e8.execute(&lt;generated&gt;)
	at org.openqa.selenium.firefox.FirefoxDriver.getScreenshotAs(FirefoxDriver.java:285)
	at org.openqa.selenium.firefox.FirefoxDriver$$EnhancerByCGLIB$$315271e8.CGLIB$getScreenshotAs$1(&lt;generated&gt;)
	at org.openqa.selenium.firefox.FirefoxDriver$$EnhancerByCGLIB$$315271e8$$FastClassByCGLIB$$4e3fac68.invoke(&lt;generated&gt;)
	at net.sf.cglib.proxy.MethodProxy.invokeSuper(MethodProxy.java:167)
	at org.openqa.selenium.remote.Augmenter$CompoundHandler.intercept(Augmenter.java:261)
	at org.openqa.selenium.firefox.FirefoxDriver$$EnhancerByCGLIB$$315271e8.getScreenshotAs(&lt;generated&gt;)
	at com.clogic.SeleniumFramework.BasicSetUp.captureScreen(BasicSetUp.java:119)
	at com.clogic.SeleniumFramework.BasicSetUp.gotoProjectPage(BasicSetUp.java:317)
	at com.clogic.SeleniumFramework.ClassTest.assignAgentTest(ClassTest.java:208)
	at sun.reflect.NativeMethodAccessorImpl.invoke0(Native Method)
	at sun.reflect.NativeMethodAccessorImpl.invoke(NativeMethodAccessorImpl.java:39)
	at sun.reflect.DelegatingMethodAccessorImpl.invoke(DelegatingMethodAccessorImpl.java:25)
	at java.lang.reflect.Method.invoke(Method.java:597)
	at org.testng.internal.MethodInvocationHelper.invokeMethod(MethodInvocationHelper.java:80)
	at org.testng.internal.Invoker.invokeMethod(Invoker.java:715)
	at org.testng.internal.Invoker.invokeTestMethod(Invoker.java:907)
	at org.testng.internal.Invoker.invokeTestMethods(Invoker.java:1237)
	at org.testng.internal.TestMethodWorker.invokeTestMethods(TestMethodWorker.java:127)
	at org.testng.internal.TestMethodWorker.run(TestMethodWorker.java:111)
	at org.testng.TestRunner.privateRun(TestRunner.java:767)
	at org.testng.TestRunner.run(TestRunner.java:617)
	at org.testng.SuiteRunner.runTest(SuiteRunner.java:334)
	at org.testng.SuiteRunner.runSequentially(SuiteRunner.java:329)
	at org.testng.SuiteRunner.privateRun(SuiteRunner.java:291)
	at org.testng.SuiteRunner.run(SuiteRunner.java:240)
	at org.testng.SuiteRunnerWorker.runSuite(SuiteRunnerWorker.java:51)
	at org.testng.SuiteRunnerWorker.run(SuiteRunnerWorker.java:85)
	at org.testng.TestNG.runSuitesSequentially(TestNG.java:1197)
	at org.testng.TestNG.runSuitesLocally(TestNG.java:1122)
	at org.testng.TestNG.run(TestNG.java:1030)
	at org.testng.remote.RemoteTestNG.run(RemoteTestNG.java:111)
	at org.testng.remote.RemoteTestNG.initAndRun(RemoteTestNG.java:204)
	at org.testng.remote.RemoteTestNG.main(RemoteTestNG.java:175)
Caused by: org.openqa.selenium.remote.ErrorHandler$UnknownServerException: Session not found: ec68ce2a-e8ef-4d2f-8c29-3d41bd15fcba
Build info: version: &apos;2.24.1&apos;, revision: &apos;17205&apos;, time: &apos;2012-06-19 16:53:24&apos;
System info: os.name: &apos;Windows Vista&apos;, os.arch: &apos;x86&apos;, os.version: &apos;6.0&apos;, java.version: &apos;1.6.0_33&apos;
Driver info: driver.version: unknown
	at &lt;anonymous class&gt;.&lt;anonymous method&gt;(file:///C:/Users/I3CLOGIC/AppData/Local/Temp/anonymous210545723514180636webdriver-profile/extensions/fxdriver@googlecode.com/components/command_processor.js:10101)
	at &lt;anonymous class&gt;.&lt;anonymous method&gt;(file:///C:/Users/I3CLOGIC/AppData/Local/Temp/anonymous210545723514180636webdriver-profile/extensions/fxdriver@googlecode.com/components/driver_component.js:5752)
	at &lt;anonymous class&gt;.&lt;anonymous method&gt;(file:///C:/Users/I3CLOGIC/AppData/Local/Temp/anonymous210545723514180636webdriver-profile/extensions/fxdriver@googlecode.com/components/driver_component.js:5909)
	at &lt;anonymous class&gt;.&lt;anonymous method&gt;(file:///C:/Users/I3CLOGIC/AppData/Local/Temp/anonymous210545723514180636webdriver-profile/extensions/fxdriver@googlecode.com/components/driver_component.js:5856)
	at &lt;anonymous class&gt;.&lt;anonymous method&gt;(file:///C:/Users/I3CLOGIC/AppData/Local/Temp/anonymous210545723514180636webdriver-profile/extensions/fxdriver@googlecode.com/components/driver_component.js:9914)
	at &lt;anonymous class&gt;.&lt;anonymous method&gt;(file:///C:/Users/I3CLOGIC/AppData/Local/Temp/anonymous210545723514180636webdriver-profile/extensions/fxdriver@googlecode.com/components/httpd.js:1935)
	at &lt;anonymous class&gt;.&lt;anonymous method&gt;(file:///C:/Users/I3CLOGIC/AppData/Local/Temp/anonymous210545723514180636webdriver-profile/extensions/fxdriver@googlecode.com/components/httpd.js:2261)
	at &lt;anonymous class&gt;.&lt;anonymous method&gt;(file:///C:/Users/I3CLOGIC/AppData/Local/Temp/anonymous210545723514180636webdriver-profile/extensions/fxdriver@googlecode.com/components/httpd.js:1168)
	at &lt;anonymous class&gt;.&lt;anonymous method&gt;(file:///C:/Users/I3CLOGIC/AppData/Local/Temp/anonymous210545723514180636webdriver-profile/extensions/fxdriver@googlecode.com/components/httpd.js:1616)
	at &lt;anonymous class&gt;.&lt;anonymous method&gt;(file:///C:/Users/I3CLOGIC/AppData/Local/Temp/anonymous210545723514180636webdriver-profile/extensions/fxdriver@googlecode.com/components/httpd.js:1464)
	at &lt;anonymous class&gt;.&lt;anonymous method&gt;(file:///C:/Users/I3CLOGIC/AppData/Local/Temp/anonymous210545723514180636webdriver-profile/extensions/fxdriver@googlecode.com/components/httpd.js:1333)
</pre></div><a href='#' onClick='toggleBox("stack-trace27646795", this, "Click to show all stack frames", "Click to hide stack frames")'>Click to show all stack frames</a>
<div class='stack-trace' id='stack-trace27646795'><pre>org.openqa.selenium.WebDriverException: Session not found: ec68ce2a-e8ef-4d2f-8c29-3d41bd15fcba
Command duration or timeout: 31 milliseconds
Build info: version: &apos;2.24.1&apos;, revision: &apos;17205&apos;, time: &apos;2012-06-19 16:53:24&apos;
System info: os.name: &apos;Windows Vista&apos;, os.arch: &apos;x86&apos;, os.version: &apos;6.0&apos;, java.version: &apos;1.6.0_33&apos;
Driver info: driver.version: FirefoxDriver
Session ID: ec68ce2a-e8ef-4d2f-8c29-3d41bd15fcba
	at sun.reflect.NativeConstructorAccessorImpl.newInstance0(Native Method)
	at sun.reflect.NativeConstructorAccessorImpl.newInstance(NativeConstructorAccessorImpl.java:39)
	at sun.reflect.DelegatingConstructorAccessorImpl.newInstance(DelegatingConstructorAccessorImpl.java:27)
	at java.lang.reflect.Constructor.newInstance(Constructor.java:513)
	at org.openqa.selenium.remote.ErrorHandler.createThrowable(ErrorHandler.java:188)
	at org.openqa.selenium.remote.ErrorHandler.throwIfResponseFailed(ErrorHandler.java:145)
	at org.openqa.selenium.remote.RemoteWebDriver.execute(RemoteWebDriver.java:472)
	at org.openqa.selenium.firefox.FirefoxDriver$$EnhancerByCGLIB$$315271e8.CGLIB$execute$55(&lt;generated&gt;)
	at org.openqa.selenium.firefox.FirefoxDriver$$EnhancerByCGLIB$$315271e8$$FastClassByCGLIB$$4e3fac68.invoke(&lt;generated&gt;)
	at net.sf.cglib.proxy.MethodProxy.invokeSuper(MethodProxy.java:167)
	at org.openqa.selenium.remote.Augmenter$CompoundHandler.intercept(Augmenter.java:261)
	at org.openqa.selenium.firefox.FirefoxDriver$$EnhancerByCGLIB$$315271e8.execute(&lt;generated&gt;)
	at org.openqa.selenium.remote.RemoteWebDriver.execute(RemoteWebDriver.java:476)
	at org.openqa.selenium.firefox.FirefoxDriver$$EnhancerByCGLIB$$315271e8.CGLIB$execute$54(&lt;generated&gt;)
	at org.openqa.selenium.firefox.FirefoxDriver$$EnhancerByCGLIB$$315271e8$$FastClassByCGLIB$$4e3fac68.invoke(&lt;generated&gt;)
	at net.sf.cglib.proxy.MethodProxy.invokeSuper(MethodProxy.java:167)
	at org.openqa.selenium.remote.Augmenter$CompoundHandler.intercept(Augmenter.java:261)
	at org.openqa.selenium.firefox.FirefoxDriver$$EnhancerByCGLIB$$315271e8.execute(&lt;generated&gt;)
	at org.openqa.selenium.firefox.FirefoxDriver.getScreenshotAs(FirefoxDriver.java:285)
	at org.openqa.selenium.firefox.FirefoxDriver$$EnhancerByCGLIB$$315271e8.CGLIB$getScreenshotAs$1(&lt;generated&gt;)
	at org.openqa.selenium.firefox.FirefoxDriver$$EnhancerByCGLIB$$315271e8$$FastClassByCGLIB$$4e3fac68.invoke(&lt;generated&gt;)
	at net.sf.cglib.proxy.MethodProxy.invokeSuper(MethodProxy.java:167)
	at org.openqa.selenium.remote.Augmenter$CompoundHandler.intercept(Augmenter.java:261)
	at org.openqa.selenium.firefox.FirefoxDriver$$EnhancerByCGLIB$$315271e8.getScreenshotAs(&lt;generated&gt;)
	at com.clogic.SeleniumFramework.BasicSetUp.captureScreen(BasicSetUp.java:119)
	at com.clogic.SeleniumFramework.BasicSetUp.gotoProjectPage(BasicSetUp.java:317)
	at com.clogic.SeleniumFramework.ClassTest.assignAgentTest(ClassTest.java:208)
	at sun.reflect.NativeMethodAccessorImpl.invoke0(Native Method)
	at sun.reflect.NativeMethodAccessorImpl.invoke(NativeMethodAccessorImpl.java:39)
	at sun.reflect.DelegatingMethodAccessorImpl.invoke(DelegatingMethodAccessorImpl.java:25)
	at java.lang.reflect.Method.invoke(Method.java:597)
	at org.testng.internal.MethodInvocationHelper.invokeMethod(MethodInvocationHelper.java:80)
	at org.testng.internal.Invoker.invokeMethod(Invoker.java:715)
	at org.testng.internal.Invoker.invokeTestMethod(Invoker.java:907)
	at org.testng.internal.Invoker.invokeTestMethods(Invoker.java:1237)
	at org.testng.internal.TestMethodWorker.invokeTestMethods(TestMethodWorker.java:127)
	at org.testng.internal.TestMethodWorker.run(TestMethodWorker.java:111)
	at org.testng.TestRunner.privateRun(TestRunner.java:767)
	at org.testng.TestRunner.run(TestRunner.java:617)
	at org.testng.SuiteRunner.runTest(SuiteRunner.java:334)
	at org.testng.SuiteRunner.runSequentially(SuiteRunner.java:329)
	at org.testng.SuiteRunner.privateRun(SuiteRunner.java:291)
	at org.testng.SuiteRunner.run(SuiteRunner.java:240)
	at org.testng.SuiteRunnerWorker.runSuite(SuiteRunnerWorker.java:51)
	at org.testng.SuiteRunnerWorker.run(SuiteRunnerWorker.java:85)
	at org.testng.TestNG.runSuitesSequentially(TestNG.java:1197)
	at org.testng.TestNG.runSuitesLocally(TestNG.java:1122)
	at org.testng.TestNG.run(TestNG.java:1030)
	at org.testng.remote.RemoteTestNG.run(RemoteTestNG.java:111)
	at org.testng.remote.RemoteTestNG.initAndRun(RemoteTestNG.java:204)
	at org.testng.remote.RemoteTestNG.main(RemoteTestNG.java:175)
Caused by: org.openqa.selenium.remote.ErrorHandler$UnknownServerException: Session not found: ec68ce2a-e8ef-4d2f-8c29-3d41bd15fcba
Build info: version: &apos;2.24.1&apos;, revision: &apos;17205&apos;, time: &apos;2012-06-19 16:53:24&apos;
System info: os.name: &apos;Windows Vista&apos;, os.arch: &apos;x86&apos;, os.version: &apos;6.0&apos;, java.version: &apos;1.6.0_33&apos;
Driver info: driver.version: unknown
	at &lt;anonymous class&gt;.&lt;anonymous method&gt;(file:///C:/Users/I3CLOGIC/AppData/Local/Temp/anonymous210545723514180636webdriver-profile/extensions/fxdriver@googlecode.com/components/command_processor.js:10101)
	at &lt;anonymous class&gt;.&lt;anonymous method&gt;(file:///C:/Users/I3CLOGIC/AppData/Local/Temp/anonymous210545723514180636webdriver-profile/extensions/fxdriver@googlecode.com/components/driver_component.js:5752)
	at &lt;anonymous class&gt;.&lt;anonymous method&gt;(file:///C:/Users/I3CLOGIC/AppData/Local/Temp/anonymous210545723514180636webdriver-profile/extensions/fxdriver@googlecode.com/components/driver_component.js:5909)
	at &lt;anonymous class&gt;.&lt;anonymous method&gt;(file:///C:/Users/I3CLOGIC/AppData/Local/Temp/anonymous210545723514180636webdriver-profile/extensions/fxdriver@googlecode.com/components/driver_component.js:5856)
	at &lt;anonymous class&gt;.&lt;anonymous method&gt;(file:///C:/Users/I3CLOGIC/AppData/Local/Temp/anonymous210545723514180636webdriver-profile/extensions/fxdriver@googlecode.com/components/driver_component.js:9914)
	at &lt;anonymous class&gt;.&lt;anonymous method&gt;(file:///C:/Users/I3CLOGIC/AppData/Local/Temp/anonymous210545723514180636webdriver-profile/extensions/fxdriver@googlecode.com/components/httpd.js:1935)
	at &lt;anonymous class&gt;.&lt;anonymous method&gt;(file:///C:/Users/I3CLOGIC/AppData/Local/Temp/anonymous210545723514180636webdriver-profile/extensions/fxdriver@googlecode.com/components/httpd.js:2261)
	at &lt;anonymous class&gt;.&lt;anonymous method&gt;(file:///C:/Users/I3CLOGIC/AppData/Local/Temp/anonymous210545723514180636webdriver-profile/extensions/fxdriver@googlecode.com/components/httpd.js:1168)
	at &lt;anonymous class&gt;.&lt;anonymous method&gt;(file:///C:/Users/I3CLOGIC/AppData/Local/Temp/anonymous210545723514180636webdriver-profile/extensions/fxdriver@googlecode.com/components/httpd.js:1616)
	at &lt;anonymous class&gt;.&lt;anonymous method&gt;(file:///C:/Users/I3CLOGIC/AppData/Local/Temp/anonymous210545723514180636webdriver-profile/extensions/fxdriver@googlecode.com/components/httpd.js:1464)
	at &lt;anonymous class&gt;.&lt;anonymous method&gt;(file:///C:/Users/I3CLOGIC/AppData/Local/Temp/anonymous210545723514180636webdriver-profile/extensions/fxdriver@googlecode.com/components/httpd.js:1333)
</pre></div></td>
<td>27</td>
<td>com.clogic.SeleniumFramework.ClassTest@11c8a71</td></tr>
<tr>
<td title='com.clogic.SeleniumFramework.ClassTest.assignAllAgentTest()'><b>assignAllAgentTest</b><br>Test class: com.clogic.SeleniumFramework.ClassTest<br>Test method: AssignAllAgent</td>
<td><div><pre>java.lang.NullPointerException
	at com.clogic.SeleniumFramework.ClassTest.assignAllAgentTest(ClassTest.java:253)
	at sun.reflect.NativeMethodAccessorImpl.invoke0(Native Method)
	at sun.reflect.NativeMethodAccessorImpl.invoke(NativeMethodAccessorImpl.java:39)
	at sun.reflect.DelegatingMethodAccessorImpl.invoke(DelegatingMethodAccessorImpl.java:25)
	at java.lang.reflect.Method.invoke(Method.java:597)
	at org.testng.internal.MethodInvocationHelper.invokeMethod(MethodInvocationHelper.java:80)
	at org.testng.internal.Invoker.invokeMethod(Invoker.java:715)
	at org.testng.internal.Invoker.invokeTestMethod(Invoker.java:907)
	at org.testng.internal.Invoker.invokeTestMethods(Invoker.java:1237)
	at org.testng.internal.TestMethodWorker.invokeTestMethods(TestMethodWorker.java:127)
	at org.testng.internal.TestMethodWorker.run(TestMethodWorker.java:111)
	at org.testng.TestRunner.privateRun(TestRunner.java:767)
	at org.testng.TestRunner.run(TestRunner.java:617)
	at org.testng.SuiteRunner.runTest(SuiteRunner.java:334)
	at org.testng.SuiteRunner.runSequentially(SuiteRunner.java:329)
	at org.testng.SuiteRunner.privateRun(SuiteRunner.java:291)
	at org.testng.SuiteRunner.run(SuiteRunner.java:240)
	at org.testng.SuiteRunnerWorker.runSuite(SuiteRunnerWorker.java:51)
	at org.testng.SuiteRunnerWorker.run(SuiteRunnerWorker.java:85)
	at org.testng.TestNG.runSuitesSequentially(TestNG.java:1197)
	at org.testng.TestNG.runSuitesLocally(TestNG.java:1122)
	at org.testng.TestNG.run(TestNG.java:1030)
	at org.testng.remote.RemoteTestNG.run(RemoteTestNG.java:111)
	at org.testng.remote.RemoteTestNG.initAndRun(RemoteTestNG.java:204)
	at org.testng.remote.RemoteTestNG.main(RemoteTestNG.java:175)
</pre></div><a href='#' onClick='toggleBox("stack-trace30987167", this, "Click to show all stack frames", "Click to hide stack frames")'>Click to show all stack frames</a>
<div class='stack-trace' id='stack-trace30987167'><pre>java.lang.NullPointerException
	at com.clogic.SeleniumFramework.ClassTest.assignAllAgentTest(ClassTest.java:253)
	at sun.reflect.NativeMethodAccessorImpl.invoke0(Native Method)
	at sun.reflect.NativeMethodAccessorImpl.invoke(NativeMethodAccessorImpl.java:39)
	at sun.reflect.DelegatingMethodAccessorImpl.invoke(DelegatingMethodAccessorImpl.java:25)
	at java.lang.reflect.Method.invoke(Method.java:597)
	at org.testng.internal.MethodInvocationHelper.invokeMethod(MethodInvocationHelper.java:80)
	at org.testng.internal.Invoker.invokeMethod(Invoker.java:715)
	at org.testng.internal.Invoker.invokeTestMethod(Invoker.java:907)
	at org.testng.internal.Invoker.invokeTestMethods(Invoker.java:1237)
	at org.testng.internal.TestMethodWorker.invokeTestMethods(TestMethodWorker.java:127)
	at org.testng.internal.TestMethodWorker.run(TestMethodWorker.java:111)
	at org.testng.TestRunner.privateRun(TestRunner.java:767)
	at org.testng.TestRunner.run(TestRunner.java:617)
	at org.testng.SuiteRunner.runTest(SuiteRunner.java:334)
	at org.testng.SuiteRunner.runSequentially(SuiteRunner.java:329)
	at org.testng.SuiteRunner.privateRun(SuiteRunner.java:291)
	at org.testng.SuiteRunner.run(SuiteRunner.java:240)
	at org.testng.SuiteRunnerWorker.runSuite(SuiteRunnerWorker.java:51)
	at org.testng.SuiteRunnerWorker.run(SuiteRunnerWorker.java:85)
	at org.testng.TestNG.runSuitesSequentially(TestNG.java:1197)
	at org.testng.TestNG.runSuitesLocally(TestNG.java:1122)
	at org.testng.TestNG.run(TestNG.java:1030)
	at org.testng.remote.RemoteTestNG.run(RemoteTestNG.java:111)
	at org.testng.remote.RemoteTestNG.initAndRun(RemoteTestNG.java:204)
	at org.testng.remote.RemoteTestNG.main(RemoteTestNG.java:175)
</pre></div></td>
<td>0</td>
<td>com.clogic.SeleniumFramework.ClassTest@11c8a71</td></tr>
<tr>
<td title='com.clogic.SeleniumFramework.ClassTest.assignLeads()'><b>assignLeads</b><br>Test class: com.clogic.SeleniumFramework.ClassTest<br>Test method: AssignAllAvailableLeads</td>
<td><div><pre>java.lang.NullPointerException
	at com.clogic.SeleniumFramework.ClassTest.assignLeads(ClassTest.java:282)
	at sun.reflect.NativeMethodAccessorImpl.invoke0(Native Method)
	at sun.reflect.NativeMethodAccessorImpl.invoke(NativeMethodAccessorImpl.java:39)
	at sun.reflect.DelegatingMethodAccessorImpl.invoke(DelegatingMethodAccessorImpl.java:25)
	at java.lang.reflect.Method.invoke(Method.java:597)
	at org.testng.internal.MethodInvocationHelper.invokeMethod(MethodInvocationHelper.java:80)
	at org.testng.internal.Invoker.invokeMethod(Invoker.java:715)
	at org.testng.internal.Invoker.invokeTestMethod(Invoker.java:907)
	at org.testng.internal.Invoker.invokeTestMethods(Invoker.java:1237)
	at org.testng.internal.TestMethodWorker.invokeTestMethods(TestMethodWorker.java:127)
	at org.testng.internal.TestMethodWorker.run(TestMethodWorker.java:111)
	at org.testng.TestRunner.privateRun(TestRunner.java:767)
	at org.testng.TestRunner.run(TestRunner.java:617)
	at org.testng.SuiteRunner.runTest(SuiteRunner.java:334)
	at org.testng.SuiteRunner.runSequentially(SuiteRunner.java:329)
	at org.testng.SuiteRunner.privateRun(SuiteRunner.java:291)
	at org.testng.SuiteRunner.run(SuiteRunner.java:240)
	at org.testng.SuiteRunnerWorker.runSuite(SuiteRunnerWorker.java:51)
	at org.testng.SuiteRunnerWorker.run(SuiteRunnerWorker.java:85)
	at org.testng.TestNG.runSuitesSequentially(TestNG.java:1197)
	at org.testng.TestNG.runSuitesLocally(TestNG.java:1122)
	at org.testng.TestNG.run(TestNG.java:1030)
	at org.testng.remote.RemoteTestNG.run(RemoteTestNG.java:111)
	at org.testng.remote.RemoteTestNG.initAndRun(RemoteTestNG.java:204)
	at org.testng.remote.RemoteTestNG.main(RemoteTestNG.java:175)
</pre></div><a href='#' onClick='toggleBox("stack-trace2081190", this, "Click to show all stack frames", "Click to hide stack frames")'>Click to show all stack frames</a>
<div class='stack-trace' id='stack-trace2081190'><pre>java.lang.NullPointerException
	at com.clogic.SeleniumFramework.ClassTest.assignLeads(ClassTest.java:282)
	at sun.reflect.NativeMethodAccessorImpl.invoke0(Native Method)
	at sun.reflect.NativeMethodAccessorImpl.invoke(NativeMethodAccessorImpl.java:39)
	at sun.reflect.DelegatingMethodAccessorImpl.invoke(DelegatingMethodAccessorImpl.java:25)
	at java.lang.reflect.Method.invoke(Method.java:597)
	at org.testng.internal.MethodInvocationHelper.invokeMethod(MethodInvocationHelper.java:80)
	at org.testng.internal.Invoker.invokeMethod(Invoker.java:715)
	at org.testng.internal.Invoker.invokeTestMethod(Invoker.java:907)
	at org.testng.internal.Invoker.invokeTestMethods(Invoker.java:1237)
	at org.testng.internal.TestMethodWorker.invokeTestMethods(TestMethodWorker.java:127)
	at org.testng.internal.TestMethodWorker.run(TestMethodWorker.java:111)
	at org.testng.TestRunner.privateRun(TestRunner.java:767)
	at org.testng.TestRunner.run(TestRunner.java:617)
	at org.testng.SuiteRunner.runTest(SuiteRunner.java:334)
	at org.testng.SuiteRunner.runSequentially(SuiteRunner.java:329)
	at org.testng.SuiteRunner.privateRun(SuiteRunner.java:291)
	at org.testng.SuiteRunner.run(SuiteRunner.java:240)
	at org.testng.SuiteRunnerWorker.runSuite(SuiteRunnerWorker.java:51)
	at org.testng.SuiteRunnerWorker.run(SuiteRunnerWorker.java:85)
	at org.testng.TestNG.runSuitesSequentially(TestNG.java:1197)
	at org.testng.TestNG.runSuitesLocally(TestNG.java:1122)
	at org.testng.TestNG.run(TestNG.java:1030)
	at org.testng.remote.RemoteTestNG.run(RemoteTestNG.java:111)
	at org.testng.remote.RemoteTestNG.initAndRun(RemoteTestNG.java:204)
	at org.testng.remote.RemoteTestNG.main(RemoteTestNG.java:175)
</pre></div></td>
<td>0</td>
<td>com.clogic.SeleniumFramework.ClassTest@11c8a71</td></tr>
<tr>
<td title='com.clogic.SeleniumFramework.ClassTest.assignLeadsTest()'><b>assignLeadsTest</b><br>Test class: com.clogic.SeleniumFramework.ClassTest<br>Test method: assign leadds</td>
<td><div><pre>org.openqa.selenium.WebDriverException: Session not found: ec68ce2a-e8ef-4d2f-8c29-3d41bd15fcba
Command duration or timeout: 31 milliseconds
Build info: version: &apos;2.24.1&apos;, revision: &apos;17205&apos;, time: &apos;2012-06-19 16:53:24&apos;
System info: os.name: &apos;Windows Vista&apos;, os.arch: &apos;x86&apos;, os.version: &apos;6.0&apos;, java.version: &apos;1.6.0_33&apos;
Driver info: driver.version: RemoteWebDriver
Session ID: ec68ce2a-e8ef-4d2f-8c29-3d41bd15fcba
	at sun.reflect.NativeConstructorAccessorImpl.newInstance0(Native Method)
	at sun.reflect.NativeConstructorAccessorImpl.newInstance(NativeConstructorAccessorImpl.java:39)
	at sun.reflect.DelegatingConstructorAccessorImpl.newInstance(DelegatingConstructorAccessorImpl.java:27)
	at java.lang.reflect.Constructor.newInstance(Constructor.java:513)
	at org.openqa.selenium.remote.ErrorHandler.createThrowable(ErrorHandler.java:188)
	at org.openqa.selenium.remote.ErrorHandler.throwIfResponseFailed(ErrorHandler.java:145)
	at org.openqa.selenium.remote.RemoteWebDriver.execute(RemoteWebDriver.java:472)
	at org.openqa.selenium.remote.RemoteWebDriver.get(RemoteWebDriver.java:216)
	at com.clogic.SeleniumFramework.LogInPage.&lt;init&gt;(LogInPage.java:32)
	at com.clogic.SeleniumFramework.ClassTest.login(ClassTest.java:47)
	at com.clogic.SeleniumFramework.ClassTest.assignLeadsTest(ClassTest.java:244)
	at sun.reflect.NativeMethodAccessorImpl.invoke0(Native Method)
	at sun.reflect.NativeMethodAccessorImpl.invoke(NativeMethodAccessorImpl.java:39)
	at sun.reflect.DelegatingMethodAccessorImpl.invoke(DelegatingMethodAccessorImpl.java:25)
	at java.lang.reflect.Method.invoke(Method.java:597)
	at org.testng.internal.MethodInvocationHelper.invokeMethod(MethodInvocationHelper.java:80)
	at org.testng.internal.Invoker.invokeMethod(Invoker.java:715)
	at org.testng.internal.Invoker.invokeTestMethod(Invoker.java:907)
	at org.testng.internal.Invoker.invokeTestMethods(Invoker.java:1237)
	at org.testng.internal.TestMethodWorker.invokeTestMethods(TestMethodWorker.java:127)
	at org.testng.internal.TestMethodWorker.run(TestMethodWorker.java:111)
	at org.testng.TestRunner.privateRun(TestRunner.java:767)
	at org.testng.TestRunner.run(TestRunner.java:617)
	at org.testng.SuiteRunner.runTest(SuiteRunner.java:334)
	at org.testng.SuiteRunner.runSequentially(SuiteRunner.java:329)
	at org.testng.SuiteRunner.privateRun(SuiteRunner.java:291)
	at org.testng.SuiteRunner.run(SuiteRunner.java:240)
	at org.testng.SuiteRunnerWorker.runSuite(SuiteRunnerWorker.java:51)
	at org.testng.SuiteRunnerWorker.run(SuiteRunnerWorker.java:85)
	at org.testng.TestNG.runSuitesSequentially(TestNG.java:1197)
	at org.testng.TestNG.runSuitesLocally(TestNG.java:1122)
	at org.testng.TestNG.run(TestNG.java:1030)
	at org.testng.remote.RemoteTestNG.run(RemoteTestNG.java:111)
	at org.testng.remote.RemoteTestNG.initAndRun(RemoteTestNG.java:204)
	at org.testng.remote.RemoteTestNG.main(RemoteTestNG.java:175)
Caused by: org.openqa.selenium.remote.ErrorHandler$UnknownServerException: Session not found: ec68ce2a-e8ef-4d2f-8c29-3d41bd15fcba
Build info: version: &apos;2.24.1&apos;, revision: &apos;17205&apos;, time: &apos;2012-06-19 16:53:24&apos;
System info: os.name: &apos;Windows Vista&apos;, os.arch: &apos;x86&apos;, os.version: &apos;6.0&apos;, java.version: &apos;1.6.0_33&apos;
Driver info: driver.version: unknown
	at &lt;anonymous class&gt;.&lt;anonymous method&gt;(file:///C:/Users/I3CLOGIC/AppData/Local/Temp/anonymous210545723514180636webdriver-profile/extensions/fxdriver@googlecode.com/components/command_processor.js:10101)
	at &lt;anonymous class&gt;.&lt;anonymous method&gt;(file:///C:/Users/I3CLOGIC/AppData/Local/Temp/anonymous210545723514180636webdriver-profile/extensions/fxdriver@googlecode.com/components/driver_component.js:5752)
	at &lt;anonymous class&gt;.&lt;anonymous method&gt;(file:///C:/Users/I3CLOGIC/AppData/Local/Temp/anonymous210545723514180636webdriver-profile/extensions/fxdriver@googlecode.com/components/driver_component.js:5909)
	at &lt;anonymous class&gt;.&lt;anonymous method&gt;(file:///C:/Users/I3CLOGIC/AppData/Local/Temp/anonymous210545723514180636webdriver-profile/extensions/fxdriver@googlecode.com/components/driver_component.js:5856)
	at &lt;anonymous class&gt;.&lt;anonymous method&gt;(file:///C:/Users/I3CLOGIC/AppData/Local/Temp/anonymous210545723514180636webdriver-profile/extensions/fxdriver@googlecode.com/components/driver_component.js:9914)
	at &lt;anonymous class&gt;.&lt;anonymous method&gt;(file:///C:/Users/I3CLOGIC/AppData/Local/Temp/anonymous210545723514180636webdriver-profile/extensions/fxdriver@googlecode.com/components/httpd.js:1935)
	at &lt;anonymous class&gt;.&lt;anonymous method&gt;(file:///C:/Users/I3CLOGIC/AppData/Local/Temp/anonymous210545723514180636webdriver-profile/extensions/fxdriver@googlecode.com/components/httpd.js:2261)
	at &lt;anonymous class&gt;.&lt;anonymous method&gt;(file:///C:/Users/I3CLOGIC/AppData/Local/Temp/anonymous210545723514180636webdriver-profile/extensions/fxdriver@googlecode.com/components/httpd.js:1168)
	at &lt;anonymous class&gt;.&lt;anonymous method&gt;(file:///C:/Users/I3CLOGIC/AppData/Local/Temp/anonymous210545723514180636webdriver-profile/extensions/fxdriver@googlecode.com/components/httpd.js:1616)
	at &lt;anonymous class&gt;.&lt;anonymous method&gt;(file:///C:/Users/I3CLOGIC/AppData/Local/Temp/anonymous210545723514180636webdriver-profile/extensions/fxdriver@googlecode.com/components/httpd.js:1464)
	at &lt;anonymous class&gt;.&lt;anonymous method&gt;(file:///C:/Users/I3CLOGIC/AppData/Local/Temp/anonymous210545723514180636webdriver-profile/extensions/fxdriver@googlecode.com/components/httpd.js:1333)
</pre></div><a href='#' onClick='toggleBox("stack-trace19419092", this, "Click to show all stack frames", "Click to hide stack frames")'>Click to show all stack frames</a>
<div class='stack-trace' id='stack-trace19419092'><pre>org.openqa.selenium.WebDriverException: Session not found: ec68ce2a-e8ef-4d2f-8c29-3d41bd15fcba
Command duration or timeout: 31 milliseconds
Build info: version: &apos;2.24.1&apos;, revision: &apos;17205&apos;, time: &apos;2012-06-19 16:53:24&apos;
System info: os.name: &apos;Windows Vista&apos;, os.arch: &apos;x86&apos;, os.version: &apos;6.0&apos;, java.version: &apos;1.6.0_33&apos;
Driver info: driver.version: RemoteWebDriver
Session ID: ec68ce2a-e8ef-4d2f-8c29-3d41bd15fcba
	at sun.reflect.NativeConstructorAccessorImpl.newInstance0(Native Method)
	at sun.reflect.NativeConstructorAccessorImpl.newInstance(NativeConstructorAccessorImpl.java:39)
	at sun.reflect.DelegatingConstructorAccessorImpl.newInstance(DelegatingConstructorAccessorImpl.java:27)
	at java.lang.reflect.Constructor.newInstance(Constructor.java:513)
	at org.openqa.selenium.remote.ErrorHandler.createThrowable(ErrorHandler.java:188)
	at org.openqa.selenium.remote.ErrorHandler.throwIfResponseFailed(ErrorHandler.java:145)
	at org.openqa.selenium.remote.RemoteWebDriver.execute(RemoteWebDriver.java:472)
	at org.openqa.selenium.remote.RemoteWebDriver.get(RemoteWebDriver.java:216)
	at com.clogic.SeleniumFramework.LogInPage.&lt;init&gt;(LogInPage.java:32)
	at com.clogic.SeleniumFramework.ClassTest.login(ClassTest.java:47)
	at com.clogic.SeleniumFramework.ClassTest.assignLeadsTest(ClassTest.java:244)
	at sun.reflect.NativeMethodAccessorImpl.invoke0(Native Method)
	at sun.reflect.NativeMethodAccessorImpl.invoke(NativeMethodAccessorImpl.java:39)
	at sun.reflect.DelegatingMethodAccessorImpl.invoke(DelegatingMethodAccessorImpl.java:25)
	at java.lang.reflect.Method.invoke(Method.java:597)
	at org.testng.internal.MethodInvocationHelper.invokeMethod(MethodInvocationHelper.java:80)
	at org.testng.internal.Invoker.invokeMethod(Invoker.java:715)
	at org.testng.internal.Invoker.invokeTestMethod(Invoker.java:907)
	at org.testng.internal.Invoker.invokeTestMethods(Invoker.java:1237)
	at org.testng.internal.TestMethodWorker.invokeTestMethods(TestMethodWorker.java:127)
	at org.testng.internal.TestMethodWorker.run(TestMethodWorker.java:111)
	at org.testng.TestRunner.privateRun(TestRunner.java:767)
	at org.testng.TestRunner.run(TestRunner.java:617)
	at org.testng.SuiteRunner.runTest(SuiteRunner.java:334)
	at org.testng.SuiteRunner.runSequentially(SuiteRunner.java:329)
	at org.testng.SuiteRunner.privateRun(SuiteRunner.java:291)
	at org.testng.SuiteRunner.run(SuiteRunner.java:240)
	at org.testng.SuiteRunnerWorker.runSuite(SuiteRunnerWorker.java:51)
	at org.testng.SuiteRunnerWorker.run(SuiteRunnerWorker.java:85)
	at org.testng.TestNG.runSuitesSequentially(TestNG.java:1197)
	at org.testng.TestNG.runSuitesLocally(TestNG.java:1122)
	at org.testng.TestNG.run(TestNG.java:1030)
	at org.testng.remote.RemoteTestNG.run(RemoteTestNG.java:111)
	at org.testng.remote.RemoteTestNG.initAndRun(RemoteTestNG.java:204)
	at org.testng.remote.RemoteTestNG.main(RemoteTestNG.java:175)
Caused by: org.openqa.selenium.remote.ErrorHandler$UnknownServerException: Session not found: ec68ce2a-e8ef-4d2f-8c29-3d41bd15fcba
Build info: version: &apos;2.24.1&apos;, revision: &apos;17205&apos;, time: &apos;2012-06-19 16:53:24&apos;
System info: os.name: &apos;Windows Vista&apos;, os.arch: &apos;x86&apos;, os.version: &apos;6.0&apos;, java.version: &apos;1.6.0_33&apos;
Driver info: driver.version: unknown
	at &lt;anonymous class&gt;.&lt;anonymous method&gt;(file:///C:/Users/I3CLOGIC/AppData/Local/Temp/anonymous210545723514180636webdriver-profile/extensions/fxdriver@googlecode.com/components/command_processor.js:10101)
	at &lt;anonymous class&gt;.&lt;anonymous method&gt;(file:///C:/Users/I3CLOGIC/AppData/Local/Temp/anonymous210545723514180636webdriver-profile/extensions/fxdriver@googlecode.com/components/driver_component.js:5752)
	at &lt;anonymous class&gt;.&lt;anonymous method&gt;(file:///C:/Users/I3CLOGIC/AppData/Local/Temp/anonymous210545723514180636webdriver-profile/extensions/fxdriver@googlecode.com/components/driver_component.js:5909)
	at &lt;anonymous class&gt;.&lt;anonymous method&gt;(file:///C:/Users/I3CLOGIC/AppData/Local/Temp/anonymous210545723514180636webdriver-profile/extensions/fxdriver@googlecode.com/components/driver_component.js:5856)
	at &lt;anonymous class&gt;.&lt;anonymous method&gt;(file:///C:/Users/I3CLOGIC/AppData/Local/Temp/anonymous210545723514180636webdriver-profile/extensions/fxdriver@googlecode.com/components/driver_component.js:9914)
	at &lt;anonymous class&gt;.&lt;anonymous method&gt;(file:///C:/Users/I3CLOGIC/AppData/Local/Temp/anonymous210545723514180636webdriver-profile/extensions/fxdriver@googlecode.com/components/httpd.js:1935)
	at &lt;anonymous class&gt;.&lt;anonymous method&gt;(file:///C:/Users/I3CLOGIC/AppData/Local/Temp/anonymous210545723514180636webdriver-profile/extensions/fxdriver@googlecode.com/components/httpd.js:2261)
	at &lt;anonymous class&gt;.&lt;anonymous method&gt;(file:///C:/Users/I3CLOGIC/AppData/Local/Temp/anonymous210545723514180636webdriver-profile/extensions/fxdriver@googlecode.com/components/httpd.js:1168)
	at &lt;anonymous class&gt;.&lt;anonymous method&gt;(file:///C:/Users/I3CLOGIC/AppData/Local/Temp/anonymous210545723514180636webdriver-profile/extensions/fxdriver@googlecode.com/components/httpd.js:1616)
	at &lt;anonymous class&gt;.&lt;anonymous method&gt;(file:///C:/Users/I3CLOGIC/AppData/Local/Temp/anonymous210545723514180636webdriver-profile/extensions/fxdriver@googlecode.com/components/httpd.js:1464)
	at &lt;anonymous class&gt;.&lt;anonymous method&gt;(file:///C:/Users/I3CLOGIC/AppData/Local/Temp/anonymous210545723514180636webdriver-profile/extensions/fxdriver@googlecode.com/components/httpd.js:1333)
</pre></div></td>
<td>0</td>
<td>com.clogic.SeleniumFramework.ClassTest@11c8a71</td></tr>
<tr>
<td title='com.clogic.SeleniumFramework.ClassTest.createAgentTest()'><b>createAgentTest</b><br>Test class: com.clogic.SeleniumFramework.ClassTest<br>Test method: Create Agent</td>
<td><div><pre>org.openqa.selenium.WebDriverException: Session not found: ec68ce2a-e8ef-4d2f-8c29-3d41bd15fcba
Command duration or timeout: 16 milliseconds
Build info: version: &apos;2.24.1&apos;, revision: &apos;17205&apos;, time: &apos;2012-06-19 16:53:24&apos;
System info: os.name: &apos;Windows Vista&apos;, os.arch: &apos;x86&apos;, os.version: &apos;6.0&apos;, java.version: &apos;1.6.0_33&apos;
Driver info: driver.version: RemoteWebDriver
Session ID: ec68ce2a-e8ef-4d2f-8c29-3d41bd15fcba
	at sun.reflect.NativeConstructorAccessorImpl.newInstance0(Native Method)
	at sun.reflect.NativeConstructorAccessorImpl.newInstance(NativeConstructorAccessorImpl.java:39)
	at sun.reflect.DelegatingConstructorAccessorImpl.newInstance(DelegatingConstructorAccessorImpl.java:27)
	at java.lang.reflect.Constructor.newInstance(Constructor.java:513)
	at org.openqa.selenium.remote.ErrorHandler.createThrowable(ErrorHandler.java:188)
	at org.openqa.selenium.remote.ErrorHandler.throwIfResponseFailed(ErrorHandler.java:145)
	at org.openqa.selenium.remote.RemoteWebDriver.execute(RemoteWebDriver.java:472)
	at org.openqa.selenium.remote.RemoteWebDriver.get(RemoteWebDriver.java:216)
	at com.clogic.SeleniumFramework.LogInPage.&lt;init&gt;(LogInPage.java:32)
	at com.clogic.SeleniumFramework.ClassTest.login(ClassTest.java:47)
	at com.clogic.SeleniumFramework.ClassTest.createAgentTest(ClassTest.java:199)
	at sun.reflect.NativeMethodAccessorImpl.invoke0(Native Method)
	at sun.reflect.NativeMethodAccessorImpl.invoke(NativeMethodAccessorImpl.java:39)
	at sun.reflect.DelegatingMethodAccessorImpl.invoke(DelegatingMethodAccessorImpl.java:25)
	at java.lang.reflect.Method.invoke(Method.java:597)
	at org.testng.internal.MethodInvocationHelper.invokeMethod(MethodInvocationHelper.java:80)
	at org.testng.internal.Invoker.invokeMethod(Invoker.java:715)
	at org.testng.internal.Invoker.invokeTestMethod(Invoker.java:907)
	at org.testng.internal.Invoker.invokeTestMethods(Invoker.java:1237)
	at org.testng.internal.TestMethodWorker.invokeTestMethods(TestMethodWorker.java:127)
	at org.testng.internal.TestMethodWorker.run(TestMethodWorker.java:111)
	at org.testng.TestRunner.privateRun(TestRunner.java:767)
	at org.testng.TestRunner.run(TestRunner.java:617)
	at org.testng.SuiteRunner.runTest(SuiteRunner.java:334)
	at org.testng.SuiteRunner.runSequentially(SuiteRunner.java:329)
	at org.testng.SuiteRunner.privateRun(SuiteRunner.java:291)
	at org.testng.SuiteRunner.run(SuiteRunner.java:240)
	at org.testng.SuiteRunnerWorker.runSuite(SuiteRunnerWorker.java:51)
	at org.testng.SuiteRunnerWorker.run(SuiteRunnerWorker.java:85)
	at org.testng.TestNG.runSuitesSequentially(TestNG.java:1197)
	at org.testng.TestNG.runSuitesLocally(TestNG.java:1122)
	at org.testng.TestNG.run(TestNG.java:1030)
	at org.testng.remote.RemoteTestNG.run(RemoteTestNG.java:111)
	at org.testng.remote.RemoteTestNG.initAndRun(RemoteTestNG.java:204)
	at org.testng.remote.RemoteTestNG.main(RemoteTestNG.java:175)
Caused by: org.openqa.selenium.remote.ErrorHandler$UnknownServerException: Session not found: ec68ce2a-e8ef-4d2f-8c29-3d41bd15fcba
Build info: version: &apos;2.24.1&apos;, revision: &apos;17205&apos;, time: &apos;2012-06-19 16:53:24&apos;
System info: os.name: &apos;Windows Vista&apos;, os.arch: &apos;x86&apos;, os.version: &apos;6.0&apos;, java.version: &apos;1.6.0_33&apos;
Driver info: driver.version: unknown
	at &lt;anonymous class&gt;.&lt;anonymous method&gt;(file:///C:/Users/I3CLOGIC/AppData/Local/Temp/anonymous210545723514180636webdriver-profile/extensions/fxdriver@googlecode.com/components/command_processor.js:10101)
	at &lt;anonymous class&gt;.&lt;anonymous method&gt;(file:///C:/Users/I3CLOGIC/AppData/Local/Temp/anonymous210545723514180636webdriver-profile/extensions/fxdriver@googlecode.com/components/driver_component.js:5752)
	at &lt;anonymous class&gt;.&lt;anonymous method&gt;(file:///C:/Users/I3CLOGIC/AppData/Local/Temp/anonymous210545723514180636webdriver-profile/extensions/fxdriver@googlecode.com/components/driver_component.js:5909)
	at &lt;anonymous class&gt;.&lt;anonymous method&gt;(file:///C:/Users/I3CLOGIC/AppData/Local/Temp/anonymous210545723514180636webdriver-profile/extensions/fxdriver@googlecode.com/components/driver_component.js:5856)
	at &lt;anonymous class&gt;.&lt;anonymous method&gt;(file:///C:/Users/I3CLOGIC/AppData/Local/Temp/anonymous210545723514180636webdriver-profile/extensions/fxdriver@googlecode.com/components/driver_component.js:9914)
	at &lt;anonymous class&gt;.&lt;anonymous method&gt;(file:///C:/Users/I3CLOGIC/AppData/Local/Temp/anonymous210545723514180636webdriver-profile/extensions/fxdriver@googlecode.com/components/httpd.js:1935)
	at &lt;anonymous class&gt;.&lt;anonymous method&gt;(file:///C:/Users/I3CLOGIC/AppData/Local/Temp/anonymous210545723514180636webdriver-profile/extensions/fxdriver@googlecode.com/components/httpd.js:2261)
	at &lt;anonymous class&gt;.&lt;anonymous method&gt;(file:///C:/Users/I3CLOGIC/AppData/Local/Temp/anonymous210545723514180636webdriver-profile/extensions/fxdriver@googlecode.com/components/httpd.js:1168)
	at &lt;anonymous class&gt;.&lt;anonymous method&gt;(file:///C:/Users/I3CLOGIC/AppData/Local/Temp/anonymous210545723514180636webdriver-profile/extensions/fxdriver@googlecode.com/components/httpd.js:1616)
	at &lt;anonymous class&gt;.&lt;anonymous method&gt;(file:///C:/Users/I3CLOGIC/AppData/Local/Temp/anonymous210545723514180636webdriver-profile/extensions/fxdriver@googlecode.com/components/httpd.js:1464)
	at &lt;anonymous class&gt;.&lt;anonymous method&gt;(file:///C:/Users/I3CLOGIC/AppData/Local/Temp/anonymous210545723514180636webdriver-profile/extensions/fxdriver@googlecode.com/components/httpd.js:1333)
</pre></div><a href='#' onClick='toggleBox("stack-trace11681042", this, "Click to show all stack frames", "Click to hide stack frames")'>Click to show all stack frames</a>
<div class='stack-trace' id='stack-trace11681042'><pre>org.openqa.selenium.WebDriverException: Session not found: ec68ce2a-e8ef-4d2f-8c29-3d41bd15fcba
Command duration or timeout: 16 milliseconds
Build info: version: &apos;2.24.1&apos;, revision: &apos;17205&apos;, time: &apos;2012-06-19 16:53:24&apos;
System info: os.name: &apos;Windows Vista&apos;, os.arch: &apos;x86&apos;, os.version: &apos;6.0&apos;, java.version: &apos;1.6.0_33&apos;
Driver info: driver.version: RemoteWebDriver
Session ID: ec68ce2a-e8ef-4d2f-8c29-3d41bd15fcba
	at sun.reflect.NativeConstructorAccessorImpl.newInstance0(Native Method)
	at sun.reflect.NativeConstructorAccessorImpl.newInstance(NativeConstructorAccessorImpl.java:39)
	at sun.reflect.DelegatingConstructorAccessorImpl.newInstance(DelegatingConstructorAccessorImpl.java:27)
	at java.lang.reflect.Constructor.newInstance(Constructor.java:513)
	at org.openqa.selenium.remote.ErrorHandler.createThrowable(ErrorHandler.java:188)
	at org.openqa.selenium.remote.ErrorHandler.throwIfResponseFailed(ErrorHandler.java:145)
	at org.openqa.selenium.remote.RemoteWebDriver.execute(RemoteWebDriver.java:472)
	at org.openqa.selenium.remote.RemoteWebDriver.get(RemoteWebDriver.java:216)
	at com.clogic.SeleniumFramework.LogInPage.&lt;init&gt;(LogInPage.java:32)
	at com.clogic.SeleniumFramework.ClassTest.login(ClassTest.java:47)
	at com.clogic.SeleniumFramework.ClassTest.createAgentTest(ClassTest.java:199)
	at sun.reflect.NativeMethodAccessorImpl.invoke0(Native Method)
	at sun.reflect.NativeMethodAccessorImpl.invoke(NativeMethodAccessorImpl.java:39)
	at sun.reflect.DelegatingMethodAccessorImpl.invoke(DelegatingMethodAccessorImpl.java:25)
	at java.lang.reflect.Method.invoke(Method.java:597)
	at org.testng.internal.MethodInvocationHelper.invokeMethod(MethodInvocationHelper.java:80)
	at org.testng.internal.Invoker.invokeMethod(Invoker.java:715)
	at org.testng.internal.Invoker.invokeTestMethod(Invoker.java:907)
	at org.testng.internal.Invoker.invokeTestMethods(Invoker.java:1237)
	at org.testng.internal.TestMethodWorker.invokeTestMethods(TestMethodWorker.java:127)
	at org.testng.internal.TestMethodWorker.run(TestMethodWorker.java:111)
	at org.testng.TestRunner.privateRun(TestRunner.java:767)
	at org.testng.TestRunner.run(TestRunner.java:617)
	at org.testng.SuiteRunner.runTest(SuiteRunner.java:334)
	at org.testng.SuiteRunner.runSequentially(SuiteRunner.java:329)
	at org.testng.SuiteRunner.privateRun(SuiteRunner.java:291)
	at org.testng.SuiteRunner.run(SuiteRunner.java:240)
	at org.testng.SuiteRunnerWorker.runSuite(SuiteRunnerWorker.java:51)
	at org.testng.SuiteRunnerWorker.run(SuiteRunnerWorker.java:85)
	at org.testng.TestNG.runSuitesSequentially(TestNG.java:1197)
	at org.testng.TestNG.runSuitesLocally(TestNG.java:1122)
	at org.testng.TestNG.run(TestNG.java:1030)
	at org.testng.remote.RemoteTestNG.run(RemoteTestNG.java:111)
	at org.testng.remote.RemoteTestNG.initAndRun(RemoteTestNG.java:204)
	at org.testng.remote.RemoteTestNG.main(RemoteTestNG.java:175)
Caused by: org.openqa.selenium.remote.ErrorHandler$UnknownServerException: Session not found: ec68ce2a-e8ef-4d2f-8c29-3d41bd15fcba
Build info: version: &apos;2.24.1&apos;, revision: &apos;17205&apos;, time: &apos;2012-06-19 16:53:24&apos;
System info: os.name: &apos;Windows Vista&apos;, os.arch: &apos;x86&apos;, os.version: &apos;6.0&apos;, java.version: &apos;1.6.0_33&apos;
Driver info: driver.version: unknown
	at &lt;anonymous class&gt;.&lt;anonymous method&gt;(file:///C:/Users/I3CLOGIC/AppData/Local/Temp/anonymous210545723514180636webdriver-profile/extensions/fxdriver@googlecode.com/components/command_processor.js:10101)
	at &lt;anonymous class&gt;.&lt;anonymous method&gt;(file:///C:/Users/I3CLOGIC/AppData/Local/Temp/anonymous210545723514180636webdriver-profile/extensions/fxdriver@googlecode.com/components/driver_component.js:5752)
	at &lt;anonymous class&gt;.&lt;anonymous method&gt;(file:///C:/Users/I3CLOGIC/AppData/Local/Temp/anonymous210545723514180636webdriver-profile/extensions/fxdriver@googlecode.com/components/driver_component.js:5909)
	at &lt;anonymous class&gt;.&lt;anonymous method&gt;(file:///C:/Users/I3CLOGIC/AppData/Local/Temp/anonymous210545723514180636webdriver-profile/extensions/fxdriver@googlecode.com/components/driver_component.js:5856)
	at &lt;anonymous class&gt;.&lt;anonymous method&gt;(file:///C:/Users/I3CLOGIC/AppData/Local/Temp/anonymous210545723514180636webdriver-profile/extensions/fxdriver@googlecode.com/components/driver_component.js:9914)
	at &lt;anonymous class&gt;.&lt;anonymous method&gt;(file:///C:/Users/I3CLOGIC/AppData/Local/Temp/anonymous210545723514180636webdriver-profile/extensions/fxdriver@googlecode.com/components/httpd.js:1935)
	at &lt;anonymous class&gt;.&lt;anonymous method&gt;(file:///C:/Users/I3CLOGIC/AppData/Local/Temp/anonymous210545723514180636webdriver-profile/extensions/fxdriver@googlecode.com/components/httpd.js:2261)
	at &lt;anonymous class&gt;.&lt;anonymous method&gt;(file:///C:/Users/I3CLOGIC/AppData/Local/Temp/anonymous210545723514180636webdriver-profile/extensions/fxdriver@googlecode.com/components/httpd.js:1168)
	at &lt;anonymous class&gt;.&lt;anonymous method&gt;(file:///C:/Users/I3CLOGIC/AppData/Local/Temp/anonymous210545723514180636webdriver-profile/extensions/fxdriver@googlecode.com/components/httpd.js:1616)
	at &lt;anonymous class&gt;.&lt;anonymous method&gt;(file:///C:/Users/I3CLOGIC/AppData/Local/Temp/anonymous210545723514180636webdriver-profile/extensions/fxdriver@googlecode.com/components/httpd.js:1464)
	at &lt;anonymous class&gt;.&lt;anonymous method&gt;(file:///C:/Users/I3CLOGIC/AppData/Local/Temp/anonymous210545723514180636webdriver-profile/extensions/fxdriver@googlecode.com/components/httpd.js:1333)
</pre></div></td>
<td>0</td>
<td>com.clogic.SeleniumFramework.ClassTest@11c8a71</td></tr>
<tr>
<td title='com.clogic.SeleniumFramework.ClassTest.createProjectTest()'><b>createProjectTest</b><br>Test class: com.clogic.SeleniumFramework.ClassTest<br>Test method: New Project Creation</td>
<td><div><pre>org.openqa.selenium.WebDriverException: Session not found: ec68ce2a-e8ef-4d2f-8c29-3d41bd15fcba
Command duration or timeout: 31 milliseconds
Build info: version: &apos;2.24.1&apos;, revision: &apos;17205&apos;, time: &apos;2012-06-19 16:53:24&apos;
System info: os.name: &apos;Windows Vista&apos;, os.arch: &apos;x86&apos;, os.version: &apos;6.0&apos;, java.version: &apos;1.6.0_33&apos;
Driver info: driver.version: RemoteWebDriver
Session ID: ec68ce2a-e8ef-4d2f-8c29-3d41bd15fcba
	at sun.reflect.NativeConstructorAccessorImpl.newInstance0(Native Method)
	at sun.reflect.NativeConstructorAccessorImpl.newInstance(NativeConstructorAccessorImpl.java:39)
	at sun.reflect.DelegatingConstructorAccessorImpl.newInstance(DelegatingConstructorAccessorImpl.java:27)
	at java.lang.reflect.Constructor.newInstance(Constructor.java:513)
	at org.openqa.selenium.remote.ErrorHandler.createThrowable(ErrorHandler.java:188)
	at org.openqa.selenium.remote.ErrorHandler.throwIfResponseFailed(ErrorHandler.java:145)
	at org.openqa.selenium.remote.RemoteWebDriver.execute(RemoteWebDriver.java:472)
	at org.openqa.selenium.remote.RemoteWebDriver.get(RemoteWebDriver.java:216)
	at com.clogic.SeleniumFramework.LogInPage.&lt;init&gt;(LogInPage.java:32)
	at com.clogic.SeleniumFramework.ClassTest.login(ClassTest.java:47)
	at com.clogic.SeleniumFramework.ClassTest.createProjectTest(ClassTest.java:174)
	at sun.reflect.NativeMethodAccessorImpl.invoke0(Native Method)
	at sun.reflect.NativeMethodAccessorImpl.invoke(NativeMethodAccessorImpl.java:39)
	at sun.reflect.DelegatingMethodAccessorImpl.invoke(DelegatingMethodAccessorImpl.java:25)
	at java.lang.reflect.Method.invoke(Method.java:597)
	at org.testng.internal.MethodInvocationHelper.invokeMethod(MethodInvocationHelper.java:80)
	at org.testng.internal.Invoker.invokeMethod(Invoker.java:715)
	at org.testng.internal.Invoker.invokeTestMethod(Invoker.java:907)
	at org.testng.internal.Invoker.invokeTestMethods(Invoker.java:1237)
	at org.testng.internal.TestMethodWorker.invokeTestMethods(TestMethodWorker.java:127)
	at org.testng.internal.TestMethodWorker.run(TestMethodWorker.java:111)
	at org.testng.TestRunner.privateRun(TestRunner.java:767)
	at org.testng.TestRunner.run(TestRunner.java:617)
	at org.testng.SuiteRunner.runTest(SuiteRunner.java:334)
	at org.testng.SuiteRunner.runSequentially(SuiteRunner.java:329)
	at org.testng.SuiteRunner.privateRun(SuiteRunner.java:291)
	at org.testng.SuiteRunner.run(SuiteRunner.java:240)
	at org.testng.SuiteRunnerWorker.runSuite(SuiteRunnerWorker.java:51)
	at org.testng.SuiteRunnerWorker.run(SuiteRunnerWorker.java:85)
	at org.testng.TestNG.runSuitesSequentially(TestNG.java:1197)
	at org.testng.TestNG.runSuitesLocally(TestNG.java:1122)
	at org.testng.TestNG.run(TestNG.java:1030)
	at org.testng.remote.RemoteTestNG.run(RemoteTestNG.java:111)
	at org.testng.remote.RemoteTestNG.initAndRun(RemoteTestNG.java:204)
	at org.testng.remote.RemoteTestNG.main(RemoteTestNG.java:175)
Caused by: org.openqa.selenium.remote.ErrorHandler$UnknownServerException: Session not found: ec68ce2a-e8ef-4d2f-8c29-3d41bd15fcba
Build info: version: &apos;2.24.1&apos;, revision: &apos;17205&apos;, time: &apos;2012-06-19 16:53:24&apos;
System info: os.name: &apos;Windows Vista&apos;, os.arch: &apos;x86&apos;, os.version: &apos;6.0&apos;, java.version: &apos;1.6.0_33&apos;
Driver info: driver.version: unknown
	at &lt;anonymous class&gt;.&lt;anonymous method&gt;(file:///C:/Users/I3CLOGIC/AppData/Local/Temp/anonymous210545723514180636webdriver-profile/extensions/fxdriver@googlecode.com/components/command_processor.js:10101)
	at &lt;anonymous class&gt;.&lt;anonymous method&gt;(file:///C:/Users/I3CLOGIC/AppData/Local/Temp/anonymous210545723514180636webdriver-profile/extensions/fxdriver@googlecode.com/components/driver_component.js:5752)
	at &lt;anonymous class&gt;.&lt;anonymous method&gt;(file:///C:/Users/I3CLOGIC/AppData/Local/Temp/anonymous210545723514180636webdriver-profile/extensions/fxdriver@googlecode.com/components/driver_component.js:5909)
	at &lt;anonymous class&gt;.&lt;anonymous method&gt;(file:///C:/Users/I3CLOGIC/AppData/Local/Temp/anonymous210545723514180636webdriver-profile/extensions/fxdriver@googlecode.com/components/driver_component.js:5856)
	at &lt;anonymous class&gt;.&lt;anonymous method&gt;(file:///C:/Users/I3CLOGIC/AppData/Local/Temp/anonymous210545723514180636webdriver-profile/extensions/fxdriver@googlecode.com/components/driver_component.js:9914)
	at &lt;anonymous class&gt;.&lt;anonymous method&gt;(file:///C:/Users/I3CLOGIC/AppData/Local/Temp/anonymous210545723514180636webdriver-profile/extensions/fxdriver@googlecode.com/components/httpd.js:1935)
	at &lt;anonymous class&gt;.&lt;anonymous method&gt;(file:///C:/Users/I3CLOGIC/AppData/Local/Temp/anonymous210545723514180636webdriver-profile/extensions/fxdriver@googlecode.com/components/httpd.js:2261)
	at &lt;anonymous class&gt;.&lt;anonymous method&gt;(file:///C:/Users/I3CLOGIC/AppData/Local/Temp/anonymous210545723514180636webdriver-profile/extensions/fxdriver@googlecode.com/components/httpd.js:1168)
	at &lt;anonymous class&gt;.&lt;anonymous method&gt;(file:///C:/Users/I3CLOGIC/AppData/Local/Temp/anonymous210545723514180636webdriver-profile/extensions/fxdriver@googlecode.com/components/httpd.js:1616)
	at &lt;anonymous class&gt;.&lt;anonymous method&gt;(file:///C:/Users/I3CLOGIC/AppData/Local/Temp/anonymous210545723514180636webdriver-profile/extensions/fxdriver@googlecode.com/components/httpd.js:1464)
	at &lt;anonymous class&gt;.&lt;anonymous method&gt;(file:///C:/Users/I3CLOGIC/AppData/Local/Temp/anonymous210545723514180636webdriver-profile/extensions/fxdriver@googlecode.com/components/httpd.js:1333)
</pre></div><a href='#' onClick='toggleBox("stack-trace21057622", this, "Click to show all stack frames", "Click to hide stack frames")'>Click to show all stack frames</a>
<div class='stack-trace' id='stack-trace21057622'><pre>org.openqa.selenium.WebDriverException: Session not found: ec68ce2a-e8ef-4d2f-8c29-3d41bd15fcba
Command duration or timeout: 31 milliseconds
Build info: version: &apos;2.24.1&apos;, revision: &apos;17205&apos;, time: &apos;2012-06-19 16:53:24&apos;
System info: os.name: &apos;Windows Vista&apos;, os.arch: &apos;x86&apos;, os.version: &apos;6.0&apos;, java.version: &apos;1.6.0_33&apos;
Driver info: driver.version: RemoteWebDriver
Session ID: ec68ce2a-e8ef-4d2f-8c29-3d41bd15fcba
	at sun.reflect.NativeConstructorAccessorImpl.newInstance0(Native Method)
	at sun.reflect.NativeConstructorAccessorImpl.newInstance(NativeConstructorAccessorImpl.java:39)
	at sun.reflect.DelegatingConstructorAccessorImpl.newInstance(DelegatingConstructorAccessorImpl.java:27)
	at java.lang.reflect.Constructor.newInstance(Constructor.java:513)
	at org.openqa.selenium.remote.ErrorHandler.createThrowable(ErrorHandler.java:188)
	at org.openqa.selenium.remote.ErrorHandler.throwIfResponseFailed(ErrorHandler.java:145)
	at org.openqa.selenium.remote.RemoteWebDriver.execute(RemoteWebDriver.java:472)
	at org.openqa.selenium.remote.RemoteWebDriver.get(RemoteWebDriver.java:216)
	at com.clogic.SeleniumFramework.LogInPage.&lt;init&gt;(LogInPage.java:32)
	at com.clogic.SeleniumFramework.ClassTest.login(ClassTest.java:47)
	at com.clogic.SeleniumFramework.ClassTest.createProjectTest(ClassTest.java:174)
	at sun.reflect.NativeMethodAccessorImpl.invoke0(Native Method)
	at sun.reflect.NativeMethodAccessorImpl.invoke(NativeMethodAccessorImpl.java:39)
	at sun.reflect.DelegatingMethodAccessorImpl.invoke(DelegatingMethodAccessorImpl.java:25)
	at java.lang.reflect.Method.invoke(Method.java:597)
	at org.testng.internal.MethodInvocationHelper.invokeMethod(MethodInvocationHelper.java:80)
	at org.testng.internal.Invoker.invokeMethod(Invoker.java:715)
	at org.testng.internal.Invoker.invokeTestMethod(Invoker.java:907)
	at org.testng.internal.Invoker.invokeTestMethods(Invoker.java:1237)
	at org.testng.internal.TestMethodWorker.invokeTestMethods(TestMethodWorker.java:127)
	at org.testng.internal.TestMethodWorker.run(TestMethodWorker.java:111)
	at org.testng.TestRunner.privateRun(TestRunner.java:767)
	at org.testng.TestRunner.run(TestRunner.java:617)
	at org.testng.SuiteRunner.runTest(SuiteRunner.java:334)
	at org.testng.SuiteRunner.runSequentially(SuiteRunner.java:329)
	at org.testng.SuiteRunner.privateRun(SuiteRunner.java:291)
	at org.testng.SuiteRunner.run(SuiteRunner.java:240)
	at org.testng.SuiteRunnerWorker.runSuite(SuiteRunnerWorker.java:51)
	at org.testng.SuiteRunnerWorker.run(SuiteRunnerWorker.java:85)
	at org.testng.TestNG.runSuitesSequentially(TestNG.java:1197)
	at org.testng.TestNG.runSuitesLocally(TestNG.java:1122)
	at org.testng.TestNG.run(TestNG.java:1030)
	at org.testng.remote.RemoteTestNG.run(RemoteTestNG.java:111)
	at org.testng.remote.RemoteTestNG.initAndRun(RemoteTestNG.java:204)
	at org.testng.remote.RemoteTestNG.main(RemoteTestNG.java:175)
Caused by: org.openqa.selenium.remote.ErrorHandler$UnknownServerException: Session not found: ec68ce2a-e8ef-4d2f-8c29-3d41bd15fcba
Build info: version: &apos;2.24.1&apos;, revision: &apos;17205&apos;, time: &apos;2012-06-19 16:53:24&apos;
System info: os.name: &apos;Windows Vista&apos;, os.arch: &apos;x86&apos;, os.version: &apos;6.0&apos;, java.version: &apos;1.6.0_33&apos;
Driver info: driver.version: unknown
	at &lt;anonymous class&gt;.&lt;anonymous method&gt;(file:///C:/Users/I3CLOGIC/AppData/Local/Temp/anonymous210545723514180636webdriver-profile/extensions/fxdriver@googlecode.com/components/command_processor.js:10101)
	at &lt;anonymous class&gt;.&lt;anonymous method&gt;(file:///C:/Users/I3CLOGIC/AppData/Local/Temp/anonymous210545723514180636webdriver-profile/extensions/fxdriver@googlecode.com/components/driver_component.js:5752)
	at &lt;anonymous class&gt;.&lt;anonymous method&gt;(file:///C:/Users/I3CLOGIC/AppData/Local/Temp/anonymous210545723514180636webdriver-profile/extensions/fxdriver@googlecode.com/components/driver_component.js:5909)
	at &lt;anonymous class&gt;.&lt;anonymous method&gt;(file:///C:/Users/I3CLOGIC/AppData/Local/Temp/anonymous210545723514180636webdriver-profile/extensions/fxdriver@googlecode.com/components/driver_component.js:5856)
	at &lt;anonymous class&gt;.&lt;anonymous method&gt;(file:///C:/Users/I3CLOGIC/AppData/Local/Temp/anonymous210545723514180636webdriver-profile/extensions/fxdriver@googlecode.com/components/driver_component.js:9914)
	at &lt;anonymous class&gt;.&lt;anonymous method&gt;(file:///C:/Users/I3CLOGIC/AppData/Local/Temp/anonymous210545723514180636webdriver-profile/extensions/fxdriver@googlecode.com/components/httpd.js:1935)
	at &lt;anonymous class&gt;.&lt;anonymous method&gt;(file:///C:/Users/I3CLOGIC/AppData/Local/Temp/anonymous210545723514180636webdriver-profile/extensions/fxdriver@googlecode.com/components/httpd.js:2261)
	at &lt;anonymous class&gt;.&lt;anonymous method&gt;(file:///C:/Users/I3CLOGIC/AppData/Local/Temp/anonymous210545723514180636webdriver-profile/extensions/fxdriver@googlecode.com/components/httpd.js:1168)
	at &lt;anonymous class&gt;.&lt;anonymous method&gt;(file:///C:/Users/I3CLOGIC/AppData/Local/Temp/anonymous210545723514180636webdriver-profile/extensions/fxdriver@googlecode.com/components/httpd.js:1616)
	at &lt;anonymous class&gt;.&lt;anonymous method&gt;(file:///C:/Users/I3CLOGIC/AppData/Local/Temp/anonymous210545723514180636webdriver-profile/extensions/fxdriver@googlecode.com/components/httpd.js:1464)
	at &lt;anonymous class&gt;.&lt;anonymous method&gt;(file:///C:/Users/I3CLOGIC/AppData/Local/Temp/anonymous210545723514180636webdriver-profile/extensions/fxdriver@googlecode.com/components/httpd.js:1333)
</pre></div></td>
<td>0</td>
<td>com.clogic.SeleniumFramework.ClassTest@11c8a71</td></tr>
<tr>
<td title='com.clogic.SeleniumFramework.ClassTest.deleteProjectTest()'><b>deleteProjectTest</b><br>Test class: com.clogic.SeleniumFramework.ClassTest<br>Test method: Delete Existing Project</td>
<td><div><pre>java.lang.NullPointerException
	at com.clogic.SeleniumFramework.ClassTest.deleteProjectTest(ClassTest.java:186)
	at sun.reflect.NativeMethodAccessorImpl.invoke0(Native Method)
	at sun.reflect.NativeMethodAccessorImpl.invoke(NativeMethodAccessorImpl.java:39)
	at sun.reflect.DelegatingMethodAccessorImpl.invoke(DelegatingMethodAccessorImpl.java:25)
	at java.lang.reflect.Method.invoke(Method.java:597)
	at org.testng.internal.MethodInvocationHelper.invokeMethod(MethodInvocationHelper.java:80)
	at org.testng.internal.Invoker.invokeMethod(Invoker.java:715)
	at org.testng.internal.Invoker.invokeTestMethod(Invoker.java:907)
	at org.testng.internal.Invoker.invokeTestMethods(Invoker.java:1237)
	at org.testng.internal.TestMethodWorker.invokeTestMethods(TestMethodWorker.java:127)
	at org.testng.internal.TestMethodWorker.run(TestMethodWorker.java:111)
	at org.testng.TestRunner.privateRun(TestRunner.java:767)
	at org.testng.TestRunner.run(TestRunner.java:617)
	at org.testng.SuiteRunner.runTest(SuiteRunner.java:334)
	at org.testng.SuiteRunner.runSequentially(SuiteRunner.java:329)
	at org.testng.SuiteRunner.privateRun(SuiteRunner.java:291)
	at org.testng.SuiteRunner.run(SuiteRunner.java:240)
	at org.testng.SuiteRunnerWorker.runSuite(SuiteRunnerWorker.java:51)
	at org.testng.SuiteRunnerWorker.run(SuiteRunnerWorker.java:85)
	at org.testng.TestNG.runSuitesSequentially(TestNG.java:1197)
	at org.testng.TestNG.runSuitesLocally(TestNG.java:1122)
	at org.testng.TestNG.run(TestNG.java:1030)
	at org.testng.remote.RemoteTestNG.run(RemoteTestNG.java:111)
	at org.testng.remote.RemoteTestNG.initAndRun(RemoteTestNG.java:204)
	at org.testng.remote.RemoteTestNG.main(RemoteTestNG.java:175)
</pre></div><a href='#' onClick='toggleBox("stack-trace11867140", this, "Click to show all stack frames", "Click to hide stack frames")'>Click to show all stack frames</a>
<div class='stack-trace' id='stack-trace11867140'><pre>java.lang.NullPointerException
	at com.clogic.SeleniumFramework.ClassTest.deleteProjectTest(ClassTest.java:186)
	at sun.reflect.NativeMethodAccessorImpl.invoke0(Native Method)
	at sun.reflect.NativeMethodAccessorImpl.invoke(NativeMethodAccessorImpl.java:39)
	at sun.reflect.DelegatingMethodAccessorImpl.invoke(DelegatingMethodAccessorImpl.java:25)
	at java.lang.reflect.Method.invoke(Method.java:597)
	at org.testng.internal.MethodInvocationHelper.invokeMethod(MethodInvocationHelper.java:80)
	at org.testng.internal.Invoker.invokeMethod(Invoker.java:715)
	at org.testng.internal.Invoker.invokeTestMethod(Invoker.java:907)
	at org.testng.internal.Invoker.invokeTestMethods(Invoker.java:1237)
	at org.testng.internal.TestMethodWorker.invokeTestMethods(TestMethodWorker.java:127)
	at org.testng.internal.TestMethodWorker.run(TestMethodWorker.java:111)
	at org.testng.TestRunner.privateRun(TestRunner.java:767)
	at org.testng.TestRunner.run(TestRunner.java:617)
	at org.testng.SuiteRunner.runTest(SuiteRunner.java:334)
	at org.testng.SuiteRunner.runSequentially(SuiteRunner.java:329)
	at org.testng.SuiteRunner.privateRun(SuiteRunner.java:291)
	at org.testng.SuiteRunner.run(SuiteRunner.java:240)
	at org.testng.SuiteRunnerWorker.runSuite(SuiteRunnerWorker.java:51)
	at org.testng.SuiteRunnerWorker.run(SuiteRunnerWorker.java:85)
	at org.testng.TestNG.runSuitesSequentially(TestNG.java:1197)
	at org.testng.TestNG.runSuitesLocally(TestNG.java:1122)
	at org.testng.TestNG.run(TestNG.java:1030)
	at org.testng.remote.RemoteTestNG.run(RemoteTestNG.java:111)
	at org.testng.remote.RemoteTestNG.initAndRun(RemoteTestNG.java:204)
	at org.testng.remote.RemoteTestNG.main(RemoteTestNG.java:175)
</pre></div></td>
<td>0</td>
<td>com.clogic.SeleniumFramework.ClassTest@11c8a71</td></tr>
<tr>
<td title='com.clogic.SeleniumFramework.ClassTest.importLeadsTest()'><b>importLeadsTest</b><br>Test class: com.clogic.SeleniumFramework.ClassTest<br>Test method: Import leads</td>
<td><div><pre>org.openqa.selenium.WebDriverException: Session not found: ec68ce2a-e8ef-4d2f-8c29-3d41bd15fcba
Command duration or timeout: 265 milliseconds
Build info: version: &apos;2.24.1&apos;, revision: &apos;17205&apos;, time: &apos;2012-06-19 16:53:24&apos;
System info: os.name: &apos;Windows Vista&apos;, os.arch: &apos;x86&apos;, os.version: &apos;6.0&apos;, java.version: &apos;1.6.0_33&apos;
Driver info: driver.version: RemoteWebDriver
Session ID: ec68ce2a-e8ef-4d2f-8c29-3d41bd15fcba
	at sun.reflect.NativeConstructorAccessorImpl.newInstance0(Native Method)
	at sun.reflect.NativeConstructorAccessorImpl.newInstance(NativeConstructorAccessorImpl.java:39)
	at sun.reflect.DelegatingConstructorAccessorImpl.newInstance(DelegatingConstructorAccessorImpl.java:27)
	at java.lang.reflect.Constructor.newInstance(Constructor.java:513)
	at org.openqa.selenium.remote.ErrorHandler.createThrowable(ErrorHandler.java:188)
	at org.openqa.selenium.remote.ErrorHandler.throwIfResponseFailed(ErrorHandler.java:145)
	at org.openqa.selenium.remote.RemoteWebDriver.execute(RemoteWebDriver.java:472)
	at org.openqa.selenium.remote.RemoteWebDriver.get(RemoteWebDriver.java:216)
	at com.clogic.SeleniumFramework.LogInPage.&lt;init&gt;(LogInPage.java:32)
	at com.clogic.SeleniumFramework.ClassTest.login(ClassTest.java:47)
	at com.clogic.SeleniumFramework.ClassTest.importLeadsTest(ClassTest.java:232)
	at sun.reflect.NativeMethodAccessorImpl.invoke0(Native Method)
	at sun.reflect.NativeMethodAccessorImpl.invoke(NativeMethodAccessorImpl.java:39)
	at sun.reflect.DelegatingMethodAccessorImpl.invoke(DelegatingMethodAccessorImpl.java:25)
	at java.lang.reflect.Method.invoke(Method.java:597)
	at org.testng.internal.MethodInvocationHelper.invokeMethod(MethodInvocationHelper.java:80)
	at org.testng.internal.Invoker.invokeMethod(Invoker.java:715)
	at org.testng.internal.Invoker.invokeTestMethod(Invoker.java:907)
	at org.testng.internal.Invoker.invokeTestMethods(Invoker.java:1237)
	at org.testng.internal.TestMethodWorker.invokeTestMethods(TestMethodWorker.java:127)
	at org.testng.internal.TestMethodWorker.run(TestMethodWorker.java:111)
	at org.testng.TestRunner.privateRun(TestRunner.java:767)
	at org.testng.TestRunner.run(TestRunner.java:617)
	at org.testng.SuiteRunner.runTest(SuiteRunner.java:334)
	at org.testng.SuiteRunner.runSequentially(SuiteRunner.java:329)
	at org.testng.SuiteRunner.privateRun(SuiteRunner.java:291)
	at org.testng.SuiteRunner.run(SuiteRunner.java:240)
	at org.testng.SuiteRunnerWorker.runSuite(SuiteRunnerWorker.java:51)
	at org.testng.SuiteRunnerWorker.run(SuiteRunnerWorker.java:85)
	at org.testng.TestNG.runSuitesSequentially(TestNG.java:1197)
	at org.testng.TestNG.runSuitesLocally(TestNG.java:1122)
	at org.testng.TestNG.run(TestNG.java:1030)
	at org.testng.remote.RemoteTestNG.run(RemoteTestNG.java:111)
	at org.testng.remote.RemoteTestNG.initAndRun(RemoteTestNG.java:204)
	at org.testng.remote.RemoteTestNG.main(RemoteTestNG.java:175)
Caused by: org.openqa.selenium.remote.ErrorHandler$UnknownServerException: Session not found: ec68ce2a-e8ef-4d2f-8c29-3d41bd15fcba
Build info: version: &apos;2.24.1&apos;, revision: &apos;17205&apos;, time: &apos;2012-06-19 16:53:24&apos;
System info: os.name: &apos;Windows Vista&apos;, os.arch: &apos;x86&apos;, os.version: &apos;6.0&apos;, java.version: &apos;1.6.0_33&apos;
Driver info: driver.version: unknown
	at &lt;anonymous class&gt;.&lt;anonymous method&gt;(file:///C:/Users/I3CLOGIC/AppData/Local/Temp/anonymous210545723514180636webdriver-profile/extensions/fxdriver@googlecode.com/components/command_processor.js:10101)
	at &lt;anonymous class&gt;.&lt;anonymous method&gt;(file:///C:/Users/I3CLOGIC/AppData/Local/Temp/anonymous210545723514180636webdriver-profile/extensions/fxdriver@googlecode.com/components/driver_component.js:5752)
	at &lt;anonymous class&gt;.&lt;anonymous method&gt;(file:///C:/Users/I3CLOGIC/AppData/Local/Temp/anonymous210545723514180636webdriver-profile/extensions/fxdriver@googlecode.com/components/driver_component.js:5909)
	at &lt;anonymous class&gt;.&lt;anonymous method&gt;(file:///C:/Users/I3CLOGIC/AppData/Local/Temp/anonymous210545723514180636webdriver-profile/extensions/fxdriver@googlecode.com/components/driver_component.js:5856)
	at &lt;anonymous class&gt;.&lt;anonymous method&gt;(file:///C:/Users/I3CLOGIC/AppData/Local/Temp/anonymous210545723514180636webdriver-profile/extensions/fxdriver@googlecode.com/components/driver_component.js:9914)
	at &lt;anonymous class&gt;.&lt;anonymous method&gt;(file:///C:/Users/I3CLOGIC/AppData/Local/Temp/anonymous210545723514180636webdriver-profile/extensions/fxdriver@googlecode.com/components/httpd.js:1935)
	at &lt;anonymous class&gt;.&lt;anonymous method&gt;(file:///C:/Users/I3CLOGIC/AppData/Local/Temp/anonymous210545723514180636webdriver-profile/extensions/fxdriver@googlecode.com/components/httpd.js:2261)
	at &lt;anonymous class&gt;.&lt;anonymous method&gt;(file:///C:/Users/I3CLOGIC/AppData/Local/Temp/anonymous210545723514180636webdriver-profile/extensions/fxdriver@googlecode.com/components/httpd.js:1168)
	at &lt;anonymous class&gt;.&lt;anonymous method&gt;(file:///C:/Users/I3CLOGIC/AppData/Local/Temp/anonymous210545723514180636webdriver-profile/extensions/fxdriver@googlecode.com/components/httpd.js:1616)
	at &lt;anonymous class&gt;.&lt;anonymous method&gt;(file:///C:/Users/I3CLOGIC/AppData/Local/Temp/anonymous210545723514180636webdriver-profile/extensions/fxdriver@googlecode.com/components/httpd.js:1464)
	at &lt;anonymous class&gt;.&lt;anonymous method&gt;(file:///C:/Users/I3CLOGIC/AppData/Local/Temp/anonymous210545723514180636webdriver-profile/extensions/fxdriver@googlecode.com/components/httpd.js:1333)
</pre></div><a href='#' onClick='toggleBox("stack-trace22481221", this, "Click to show all stack frames", "Click to hide stack frames")'>Click to show all stack frames</a>
<div class='stack-trace' id='stack-trace22481221'><pre>org.openqa.selenium.WebDriverException: Session not found: ec68ce2a-e8ef-4d2f-8c29-3d41bd15fcba
Command duration or timeout: 265 milliseconds
Build info: version: &apos;2.24.1&apos;, revision: &apos;17205&apos;, time: &apos;2012-06-19 16:53:24&apos;
System info: os.name: &apos;Windows Vista&apos;, os.arch: &apos;x86&apos;, os.version: &apos;6.0&apos;, java.version: &apos;1.6.0_33&apos;
Driver info: driver.version: RemoteWebDriver
Session ID: ec68ce2a-e8ef-4d2f-8c29-3d41bd15fcba
	at sun.reflect.NativeConstructorAccessorImpl.newInstance0(Native Method)
	at sun.reflect.NativeConstructorAccessorImpl.newInstance(NativeConstructorAccessorImpl.java:39)
	at sun.reflect.DelegatingConstructorAccessorImpl.newInstance(DelegatingConstructorAccessorImpl.java:27)
	at java.lang.reflect.Constructor.newInstance(Constructor.java:513)
	at org.openqa.selenium.remote.ErrorHandler.createThrowable(ErrorHandler.java:188)
	at org.openqa.selenium.remote.ErrorHandler.throwIfResponseFailed(ErrorHandler.java:145)
	at org.openqa.selenium.remote.RemoteWebDriver.execute(RemoteWebDriver.java:472)
	at org.openqa.selenium.remote.RemoteWebDriver.get(RemoteWebDriver.java:216)
	at com.clogic.SeleniumFramework.LogInPage.&lt;init&gt;(LogInPage.java:32)
	at com.clogic.SeleniumFramework.ClassTest.login(ClassTest.java:47)
	at com.clogic.SeleniumFramework.ClassTest.importLeadsTest(ClassTest.java:232)
	at sun.reflect.NativeMethodAccessorImpl.invoke0(Native Method)
	at sun.reflect.NativeMethodAccessorImpl.invoke(NativeMethodAccessorImpl.java:39)
	at sun.reflect.DelegatingMethodAccessorImpl.invoke(DelegatingMethodAccessorImpl.java:25)
	at java.lang.reflect.Method.invoke(Method.java:597)
	at org.testng.internal.MethodInvocationHelper.invokeMethod(MethodInvocationHelper.java:80)
	at org.testng.internal.Invoker.invokeMethod(Invoker.java:715)
	at org.testng.internal.Invoker.invokeTestMethod(Invoker.java:907)
	at org.testng.internal.Invoker.invokeTestMethods(Invoker.java:1237)
	at org.testng.internal.TestMethodWorker.invokeTestMethods(TestMethodWorker.java:127)
	at org.testng.internal.TestMethodWorker.run(TestMethodWorker.java:111)
	at org.testng.TestRunner.privateRun(TestRunner.java:767)
	at org.testng.TestRunner.run(TestRunner.java:617)
	at org.testng.SuiteRunner.runTest(SuiteRunner.java:334)
	at org.testng.SuiteRunner.runSequentially(SuiteRunner.java:329)
	at org.testng.SuiteRunner.privateRun(SuiteRunner.java:291)
	at org.testng.SuiteRunner.run(SuiteRunner.java:240)
	at org.testng.SuiteRunnerWorker.runSuite(SuiteRunnerWorker.java:51)
	at org.testng.SuiteRunnerWorker.run(SuiteRunnerWorker.java:85)
	at org.testng.TestNG.runSuitesSequentially(TestNG.java:1197)
	at org.testng.TestNG.runSuitesLocally(TestNG.java:1122)
	at org.testng.TestNG.run(TestNG.java:1030)
	at org.testng.remote.RemoteTestNG.run(RemoteTestNG.java:111)
	at org.testng.remote.RemoteTestNG.initAndRun(RemoteTestNG.java:204)
	at org.testng.remote.RemoteTestNG.main(RemoteTestNG.java:175)
Caused by: org.openqa.selenium.remote.ErrorHandler$UnknownServerException: Session not found: ec68ce2a-e8ef-4d2f-8c29-3d41bd15fcba
Build info: version: &apos;2.24.1&apos;, revision: &apos;17205&apos;, time: &apos;2012-06-19 16:53:24&apos;
System info: os.name: &apos;Windows Vista&apos;, os.arch: &apos;x86&apos;, os.version: &apos;6.0&apos;, java.version: &apos;1.6.0_33&apos;
Driver info: driver.version: unknown
	at &lt;anonymous class&gt;.&lt;anonymous method&gt;(file:///C:/Users/I3CLOGIC/AppData/Local/Temp/anonymous210545723514180636webdriver-profile/extensions/fxdriver@googlecode.com/components/command_processor.js:10101)
	at &lt;anonymous class&gt;.&lt;anonymous method&gt;(file:///C:/Users/I3CLOGIC/AppData/Local/Temp/anonymous210545723514180636webdriver-profile/extensions/fxdriver@googlecode.com/components/driver_component.js:5752)
	at &lt;anonymous class&gt;.&lt;anonymous method&gt;(file:///C:/Users/I3CLOGIC/AppData/Local/Temp/anonymous210545723514180636webdriver-profile/extensions/fxdriver@googlecode.com/components/driver_component.js:5909)
	at &lt;anonymous class&gt;.&lt;anonymous method&gt;(file:///C:/Users/I3CLOGIC/AppData/Local/Temp/anonymous210545723514180636webdriver-profile/extensions/fxdriver@googlecode.com/components/driver_component.js:5856)
	at &lt;anonymous class&gt;.&lt;anonymous method&gt;(file:///C:/Users/I3CLOGIC/AppData/Local/Temp/anonymous210545723514180636webdriver-profile/extensions/fxdriver@googlecode.com/components/driver_component.js:9914)
	at &lt;anonymous class&gt;.&lt;anonymous method&gt;(file:///C:/Users/I3CLOGIC/AppData/Local/Temp/anonymous210545723514180636webdriver-profile/extensions/fxdriver@googlecode.com/components/httpd.js:1935)
	at &lt;anonymous class&gt;.&lt;anonymous method&gt;(file:///C:/Users/I3CLOGIC/AppData/Local/Temp/anonymous210545723514180636webdriver-profile/extensions/fxdriver@googlecode.com/components/httpd.js:2261)
	at &lt;anonymous class&gt;.&lt;anonymous method&gt;(file:///C:/Users/I3CLOGIC/AppData/Local/Temp/anonymous210545723514180636webdriver-profile/extensions/fxdriver@googlecode.com/components/httpd.js:1168)
	at &lt;anonymous class&gt;.&lt;anonymous method&gt;(file:///C:/Users/I3CLOGIC/AppData/Local/Temp/anonymous210545723514180636webdriver-profile/extensions/fxdriver@googlecode.com/components/httpd.js:1616)
	at &lt;anonymous class&gt;.&lt;anonymous method&gt;(file:///C:/Users/I3CLOGIC/AppData/Local/Temp/anonymous210545723514180636webdriver-profile/extensions/fxdriver@googlecode.com/components/httpd.js:1464)
	at &lt;anonymous class&gt;.&lt;anonymous method&gt;(file:///C:/Users/I3CLOGIC/AppData/Local/Temp/anonymous210545723514180636webdriver-profile/extensions/fxdriver@googlecode.com/components/httpd.js:1333)
</pre></div></td>
<td>0</td>
<td>com.clogic.SeleniumFramework.ClassTest@11c8a71</td></tr>
<tr>
<td title='com.clogic.SeleniumFramework.ClassTest.login()'><b>login</b><br>Test class: com.clogic.SeleniumFramework.ClassTest<br>Test method: Log in</td>
<td><div><pre>org.openqa.selenium.WebDriverException: Session not found: ec68ce2a-e8ef-4d2f-8c29-3d41bd15fcba
Command duration or timeout: 78 milliseconds
Build info: version: &apos;2.24.1&apos;, revision: &apos;17205&apos;, time: &apos;2012-06-19 16:53:24&apos;
System info: os.name: &apos;Windows Vista&apos;, os.arch: &apos;x86&apos;, os.version: &apos;6.0&apos;, java.version: &apos;1.6.0_33&apos;
Driver info: driver.version: RemoteWebDriver
Session ID: ec68ce2a-e8ef-4d2f-8c29-3d41bd15fcba
	at sun.reflect.NativeConstructorAccessorImpl.newInstance0(Native Method)
	at sun.reflect.NativeConstructorAccessorImpl.newInstance(NativeConstructorAccessorImpl.java:39)
	at sun.reflect.DelegatingConstructorAccessorImpl.newInstance(DelegatingConstructorAccessorImpl.java:27)
	at java.lang.reflect.Constructor.newInstance(Constructor.java:513)
	at org.openqa.selenium.remote.ErrorHandler.createThrowable(ErrorHandler.java:188)
	at org.openqa.selenium.remote.ErrorHandler.throwIfResponseFailed(ErrorHandler.java:145)
	at org.openqa.selenium.remote.RemoteWebDriver.execute(RemoteWebDriver.java:472)
	at org.openqa.selenium.remote.RemoteWebDriver.get(RemoteWebDriver.java:216)
	at com.clogic.SeleniumFramework.LogInPage.&lt;init&gt;(LogInPage.java:32)
	at com.clogic.SeleniumFramework.ClassTest.login(ClassTest.java:47)
	at sun.reflect.NativeMethodAccessorImpl.invoke0(Native Method)
	at sun.reflect.NativeMethodAccessorImpl.invoke(NativeMethodAccessorImpl.java:39)
	at sun.reflect.DelegatingMethodAccessorImpl.invoke(DelegatingMethodAccessorImpl.java:25)
	at java.lang.reflect.Method.invoke(Method.java:597)
	at org.testng.internal.MethodInvocationHelper.invokeMethod(MethodInvocationHelper.java:80)
	at org.testng.internal.Invoker.invokeMethod(Invoker.java:715)
	at org.testng.internal.Invoker.invokeTestMethod(Invoker.java:907)
	at org.testng.internal.Invoker.invokeTestMethods(Invoker.java:1237)
	at org.testng.internal.TestMethodWorker.invokeTestMethods(TestMethodWorker.java:127)
	at org.testng.internal.TestMethodWorker.run(TestMethodWorker.java:111)
	at org.testng.TestRunner.privateRun(TestRunner.java:767)
	at org.testng.TestRunner.run(TestRunner.java:617)
	at org.testng.SuiteRunner.runTest(SuiteRunner.java:334)
	at org.testng.SuiteRunner.runSequentially(SuiteRunner.java:329)
	at org.testng.SuiteRunner.privateRun(SuiteRunner.java:291)
	at org.testng.SuiteRunner.run(SuiteRunner.java:240)
	at org.testng.SuiteRunnerWorker.runSuite(SuiteRunnerWorker.java:51)
	at org.testng.SuiteRunnerWorker.run(SuiteRunnerWorker.java:85)
	at org.testng.TestNG.runSuitesSequentially(TestNG.java:1197)
	at org.testng.TestNG.runSuitesLocally(TestNG.java:1122)
	at org.testng.TestNG.run(TestNG.java:1030)
	at org.testng.remote.RemoteTestNG.run(RemoteTestNG.java:111)
	at org.testng.remote.RemoteTestNG.initAndRun(RemoteTestNG.java:204)
	at org.testng.remote.RemoteTestNG.main(RemoteTestNG.java:175)
Caused by: org.openqa.selenium.remote.ErrorHandler$UnknownServerException: Session not found: ec68ce2a-e8ef-4d2f-8c29-3d41bd15fcba
Build info: version: &apos;2.24.1&apos;, revision: &apos;17205&apos;, time: &apos;2012-06-19 16:53:24&apos;
System info: os.name: &apos;Windows Vista&apos;, os.arch: &apos;x86&apos;, os.version: &apos;6.0&apos;, java.version: &apos;1.6.0_33&apos;
Driver info: driver.version: unknown
	at &lt;anonymous class&gt;.&lt;anonymous method&gt;(file:///C:/Users/I3CLOGIC/AppData/Local/Temp/anonymous210545723514180636webdriver-profile/extensions/fxdriver@googlecode.com/components/command_processor.js:10101)
	at &lt;anonymous class&gt;.&lt;anonymous method&gt;(file:///C:/Users/I3CLOGIC/AppData/Local/Temp/anonymous210545723514180636webdriver-profile/extensions/fxdriver@googlecode.com/components/driver_component.js:5752)
	at &lt;anonymous class&gt;.&lt;anonymous method&gt;(file:///C:/Users/I3CLOGIC/AppData/Local/Temp/anonymous210545723514180636webdriver-profile/extensions/fxdriver@googlecode.com/components/driver_component.js:5909)
	at &lt;anonymous class&gt;.&lt;anonymous method&gt;(file:///C:/Users/I3CLOGIC/AppData/Local/Temp/anonymous210545723514180636webdriver-profile/extensions/fxdriver@googlecode.com/components/driver_component.js:5856)
	at &lt;anonymous class&gt;.&lt;anonymous method&gt;(file:///C:/Users/I3CLOGIC/AppData/Local/Temp/anonymous210545723514180636webdriver-profile/extensions/fxdriver@googlecode.com/components/driver_component.js:9914)
	at &lt;anonymous class&gt;.&lt;anonymous method&gt;(file:///C:/Users/I3CLOGIC/AppData/Local/Temp/anonymous210545723514180636webdriver-profile/extensions/fxdriver@googlecode.com/components/httpd.js:1935)
	at &lt;anonymous class&gt;.&lt;anonymous method&gt;(file:///C:/Users/I3CLOGIC/AppData/Local/Temp/anonymous210545723514180636webdriver-profile/extensions/fxdriver@googlecode.com/components/httpd.js:2261)
	at &lt;anonymous class&gt;.&lt;anonymous method&gt;(file:///C:/Users/I3CLOGIC/AppData/Local/Temp/anonymous210545723514180636webdriver-profile/extensions/fxdriver@googlecode.com/components/httpd.js:1168)
	at &lt;anonymous class&gt;.&lt;anonymous method&gt;(file:///C:/Users/I3CLOGIC/AppData/Local/Temp/anonymous210545723514180636webdriver-profile/extensions/fxdriver@googlecode.com/components/httpd.js:1616)
	at &lt;anonymous class&gt;.&lt;anonymous method&gt;(file:///C:/Users/I3CLOGIC/AppData/Local/Temp/anonymous210545723514180636webdriver-profile/extensions/fxdriver@googlecode.com/components/httpd.js:1464)
	at &lt;anonymous class&gt;.&lt;anonymous method&gt;(file:///C:/Users/I3CLOGIC/AppData/Local/Temp/anonymous210545723514180636webdriver-profile/extensions/fxdriver@googlecode.com/components/httpd.js:1333)
</pre></div><a href='#' onClick='toggleBox("stack-trace20263497", this, "Click to show all stack frames", "Click to hide stack frames")'>Click to show all stack frames</a>
<div class='stack-trace' id='stack-trace20263497'><pre>org.openqa.selenium.WebDriverException: Session not found: ec68ce2a-e8ef-4d2f-8c29-3d41bd15fcba
Command duration or timeout: 78 milliseconds
Build info: version: &apos;2.24.1&apos;, revision: &apos;17205&apos;, time: &apos;2012-06-19 16:53:24&apos;
System info: os.name: &apos;Windows Vista&apos;, os.arch: &apos;x86&apos;, os.version: &apos;6.0&apos;, java.version: &apos;1.6.0_33&apos;
Driver info: driver.version: RemoteWebDriver
Session ID: ec68ce2a-e8ef-4d2f-8c29-3d41bd15fcba
	at sun.reflect.NativeConstructorAccessorImpl.newInstance0(Native Method)
	at sun.reflect.NativeConstructorAccessorImpl.newInstance(NativeConstructorAccessorImpl.java:39)
	at sun.reflect.DelegatingConstructorAccessorImpl.newInstance(DelegatingConstructorAccessorImpl.java:27)
	at java.lang.reflect.Constructor.newInstance(Constructor.java:513)
	at org.openqa.selenium.remote.ErrorHandler.createThrowable(ErrorHandler.java:188)
	at org.openqa.selenium.remote.ErrorHandler.throwIfResponseFailed(ErrorHandler.java:145)
	at org.openqa.selenium.remote.RemoteWebDriver.execute(RemoteWebDriver.java:472)
	at org.openqa.selenium.remote.RemoteWebDriver.get(RemoteWebDriver.java:216)
	at com.clogic.SeleniumFramework.LogInPage.&lt;init&gt;(LogInPage.java:32)
	at com.clogic.SeleniumFramework.ClassTest.login(ClassTest.java:47)
	at sun.reflect.NativeMethodAccessorImpl.invoke0(Native Method)
	at sun.reflect.NativeMethodAccessorImpl.invoke(NativeMethodAccessorImpl.java:39)
	at sun.reflect.DelegatingMethodAccessorImpl.invoke(DelegatingMethodAccessorImpl.java:25)
	at java.lang.reflect.Method.invoke(Method.java:597)
	at org.testng.internal.MethodInvocationHelper.invokeMethod(MethodInvocationHelper.java:80)
	at org.testng.internal.Invoker.invokeMethod(Invoker.java:715)
	at org.testng.internal.Invoker.invokeTestMethod(Invoker.java:907)
	at org.testng.internal.Invoker.invokeTestMethods(Invoker.java:1237)
	at org.testng.internal.TestMethodWorker.invokeTestMethods(TestMethodWorker.java:127)
	at org.testng.internal.TestMethodWorker.run(TestMethodWorker.java:111)
	at org.testng.TestRunner.privateRun(TestRunner.java:767)
	at org.testng.TestRunner.run(TestRunner.java:617)
	at org.testng.SuiteRunner.runTest(SuiteRunner.java:334)
	at org.testng.SuiteRunner.runSequentially(SuiteRunner.java:329)
	at org.testng.SuiteRunner.privateRun(SuiteRunner.java:291)
	at org.testng.SuiteRunner.run(SuiteRunner.java:240)
	at org.testng.SuiteRunnerWorker.runSuite(SuiteRunnerWorker.java:51)
	at org.testng.SuiteRunnerWorker.run(SuiteRunnerWorker.java:85)
	at org.testng.TestNG.runSuitesSequentially(TestNG.java:1197)
	at org.testng.TestNG.runSuitesLocally(TestNG.java:1122)
	at org.testng.TestNG.run(TestNG.java:1030)
	at org.testng.remote.RemoteTestNG.run(RemoteTestNG.java:111)
	at org.testng.remote.RemoteTestNG.initAndRun(RemoteTestNG.java:204)
	at org.testng.remote.RemoteTestNG.main(RemoteTestNG.java:175)
Caused by: org.openqa.selenium.remote.ErrorHandler$UnknownServerException: Session not found: ec68ce2a-e8ef-4d2f-8c29-3d41bd15fcba
Build info: version: &apos;2.24.1&apos;, revision: &apos;17205&apos;, time: &apos;2012-06-19 16:53:24&apos;
System info: os.name: &apos;Windows Vista&apos;, os.arch: &apos;x86&apos;, os.version: &apos;6.0&apos;, java.version: &apos;1.6.0_33&apos;
Driver info: driver.version: unknown
	at &lt;anonymous class&gt;.&lt;anonymous method&gt;(file:///C:/Users/I3CLOGIC/AppData/Local/Temp/anonymous210545723514180636webdriver-profile/extensions/fxdriver@googlecode.com/components/command_processor.js:10101)
	at &lt;anonymous class&gt;.&lt;anonymous method&gt;(file:///C:/Users/I3CLOGIC/AppData/Local/Temp/anonymous210545723514180636webdriver-profile/extensions/fxdriver@googlecode.com/components/driver_component.js:5752)
	at &lt;anonymous class&gt;.&lt;anonymous method&gt;(file:///C:/Users/I3CLOGIC/AppData/Local/Temp/anonymous210545723514180636webdriver-profile/extensions/fxdriver@googlecode.com/components/driver_component.js:5909)
	at &lt;anonymous class&gt;.&lt;anonymous method&gt;(file:///C:/Users/I3CLOGIC/AppData/Local/Temp/anonymous210545723514180636webdriver-profile/extensions/fxdriver@googlecode.com/components/driver_component.js:5856)
	at &lt;anonymous class&gt;.&lt;anonymous method&gt;(file:///C:/Users/I3CLOGIC/AppData/Local/Temp/anonymous210545723514180636webdriver-profile/extensions/fxdriver@googlecode.com/components/driver_component.js:9914)
	at &lt;anonymous class&gt;.&lt;anonymous method&gt;(file:///C:/Users/I3CLOGIC/AppData/Local/Temp/anonymous210545723514180636webdriver-profile/extensions/fxdriver@googlecode.com/components/httpd.js:1935)
	at &lt;anonymous class&gt;.&lt;anonymous method&gt;(file:///C:/Users/I3CLOGIC/AppData/Local/Temp/anonymous210545723514180636webdriver-profile/extensions/fxdriver@googlecode.com/components/httpd.js:2261)
	at &lt;anonymous class&gt;.&lt;anonymous method&gt;(file:///C:/Users/I3CLOGIC/AppData/Local/Temp/anonymous210545723514180636webdriver-profile/extensions/fxdriver@googlecode.com/components/httpd.js:1168)
	at &lt;anonymous class&gt;.&lt;anonymous method&gt;(file:///C:/Users/I3CLOGIC/AppData/Local/Temp/anonymous210545723514180636webdriver-profile/extensions/fxdriver@googlecode.com/components/httpd.js:1616)
	at &lt;anonymous class&gt;.&lt;anonymous method&gt;(file:///C:/Users/I3CLOGIC/AppData/Local/Temp/anonymous210545723514180636webdriver-profile/extensions/fxdriver@googlecode.com/components/httpd.js:1464)
	at &lt;anonymous class&gt;.&lt;anonymous method&gt;(file:///C:/Users/I3CLOGIC/AppData/Local/Temp/anonymous210545723514180636webdriver-profile/extensions/fxdriver@googlecode.com/components/httpd.js:1333)
</pre></div></td>
<td>0</td>
<td>com.clogic.SeleniumFramework.ClassTest@11c8a71</td></tr>
<tr>
<td title='com.clogic.SeleniumFramework.ClassTest.loginAdmin()'><b>loginAdmin</b><br>Test class: com.clogic.SeleniumFramework.ClassTest<br>Test method: Log in as Admin</td>
<td><div><pre>org.openqa.selenium.remote.UnreachableBrowserException: Error communicating with the remote browser. It may have died.
Build info: version: &apos;2.24.1&apos;, revision: &apos;17205&apos;, time: &apos;2012-06-19 16:53:24&apos;
System info: os.name: &apos;Windows Vista&apos;, os.arch: &apos;x86&apos;, os.version: &apos;6.0&apos;, java.version: &apos;1.6.0_33&apos;
Driver info: driver.version: RemoteWebDriver
	at org.openqa.selenium.remote.RemoteWebDriver.execute(RemoteWebDriver.java:467)
	at org.openqa.selenium.remote.RemoteWebDriver.get(RemoteWebDriver.java:216)
	at com.clogic.SeleniumFramework.LogInPage.&lt;init&gt;(LogInPage.java:32)
	at com.clogic.SeleniumFramework.ClassTest.loginAdmin(ClassTest.java:39)
	at sun.reflect.NativeMethodAccessorImpl.invoke0(Native Method)
	at sun.reflect.NativeMethodAccessorImpl.invoke(NativeMethodAccessorImpl.java:39)
	at sun.reflect.DelegatingMethodAccessorImpl.invoke(DelegatingMethodAccessorImpl.java:25)
	at java.lang.reflect.Method.invoke(Method.java:597)
	at org.testng.internal.MethodInvocationHelper.invokeMethod(MethodInvocationHelper.java:80)
	at org.testng.internal.Invoker.invokeMethod(Invoker.java:715)
	at org.testng.internal.Invoker.invokeTestMethod(Invoker.java:907)
	at org.testng.internal.Invoker.invokeTestMethods(Invoker.java:1237)
	at org.testng.internal.TestMethodWorker.invokeTestMethods(TestMethodWorker.java:127)
	at org.testng.internal.TestMethodWorker.run(TestMethodWorker.java:111)
	at org.testng.TestRunner.privateRun(TestRunner.java:767)
	at org.testng.TestRunner.run(TestRunner.java:617)
	at org.testng.SuiteRunner.runTest(SuiteRunner.java:334)
	at org.testng.SuiteRunner.runSequentially(SuiteRunner.java:329)
	at org.testng.SuiteRunner.privateRun(SuiteRunner.java:291)
	at org.testng.SuiteRunner.run(SuiteRunner.java:240)
	at org.testng.SuiteRunnerWorker.runSuite(SuiteRunnerWorker.java:51)
	at org.testng.SuiteRunnerWorker.run(SuiteRunnerWorker.java:85)
	at org.testng.TestNG.runSuitesSequentially(TestNG.java:1197)
	at org.testng.TestNG.runSuitesLocally(TestNG.java:1122)
	at org.testng.TestNG.run(TestNG.java:1030)
	at org.testng.remote.RemoteTestNG.run(RemoteTestNG.java:111)
	at org.testng.remote.RemoteTestNG.initAndRun(RemoteTestNG.java:204)
	at org.testng.remote.RemoteTestNG.main(RemoteTestNG.java:175)
Caused by: org.apache.http.conn.HttpHostConnectException: Connection to http://127.0.0.1:7055 refused
	at org.apache.http.impl.conn.DefaultClientConnectionOperator.openConnection(DefaultClientConnectionOperator.java:158)
	at org.apache.http.impl.conn.AbstractPoolEntry.open(AbstractPoolEntry.java:150)
	at org.apache.http.impl.conn.AbstractPooledConnAdapter.open(AbstractPooledConnAdapter.java:121)
	at org.apache.http.impl.client.DefaultRequestDirector.tryConnect(DefaultRequestDirector.java:575)
	at org.apache.http.impl.client.DefaultRequestDirector.execute(DefaultRequestDirector.java:425)
	at org.apache.http.impl.client.AbstractHttpClient.execute(AbstractHttpClient.java:820)
	at org.openqa.selenium.remote.HttpCommandExecutor.fallBackExecute(HttpCommandExecutor.java:319)
	at org.openqa.selenium.remote.HttpCommandExecutor.execute(HttpCommandExecutor.java:297)
	at org.openqa.selenium.firefox.internal.NewProfileExtensionConnection.execute(NewProfileExtensionConnection.java:136)
	at org.openqa.selenium.firefox.FirefoxDriver$LazyCommandExecutor.execute(FirefoxDriver.java:325)
	at org.openqa.selenium.remote.RemoteWebDriver.execute(RemoteWebDriver.java:446)
	... 27 more
Caused by: java.net.ConnectException: Connection refused: connect
	at java.net.PlainSocketImpl.socketConnect(Native Method)
	at java.net.PlainSocketImpl.doConnect(PlainSocketImpl.java:351)
	at java.net.PlainSocketImpl.connectToAddress(PlainSocketImpl.java:213)
	at java.net.PlainSocketImpl.connect(PlainSocketImpl.java:200)
	at java.net.SocksSocketImpl.connect(SocksSocketImpl.java:366)
	at java.net.Socket.connect(Socket.java:529)
	at org.apache.http.conn.scheme.PlainSocketFactory.connectSocket(PlainSocketFactory.java:123)
	at org.apache.http.impl.conn.DefaultClientConnectionOperator.openConnection(DefaultClientConnectionOperator.java:148)
	... 37 more
</pre></div><a href='#' onClick='toggleBox("stack-trace27109735", this, "Click to show all stack frames", "Click to hide stack frames")'>Click to show all stack frames</a>
<div class='stack-trace' id='stack-trace27109735'><pre>org.openqa.selenium.remote.UnreachableBrowserException: Error communicating with the remote browser. It may have died.
Build info: version: &apos;2.24.1&apos;, revision: &apos;17205&apos;, time: &apos;2012-06-19 16:53:24&apos;
System info: os.name: &apos;Windows Vista&apos;, os.arch: &apos;x86&apos;, os.version: &apos;6.0&apos;, java.version: &apos;1.6.0_33&apos;
Driver info: driver.version: RemoteWebDriver
	at org.openqa.selenium.remote.RemoteWebDriver.execute(RemoteWebDriver.java:467)
	at org.openqa.selenium.remote.RemoteWebDriver.get(RemoteWebDriver.java:216)
	at com.clogic.SeleniumFramework.LogInPage.&lt;init&gt;(LogInPage.java:32)
	at com.clogic.SeleniumFramework.ClassTest.loginAdmin(ClassTest.java:39)
	at sun.reflect.NativeMethodAccessorImpl.invoke0(Native Method)
	at sun.reflect.NativeMethodAccessorImpl.invoke(NativeMethodAccessorImpl.java:39)
	at sun.reflect.DelegatingMethodAccessorImpl.invoke(DelegatingMethodAccessorImpl.java:25)
	at java.lang.reflect.Method.invoke(Method.java:597)
	at org.testng.internal.MethodInvocationHelper.invokeMethod(MethodInvocationHelper.java:80)
	at org.testng.internal.Invoker.invokeMethod(Invoker.java:715)
	at org.testng.internal.Invoker.invokeTestMethod(Invoker.java:907)
	at org.testng.internal.Invoker.invokeTestMethods(Invoker.java:1237)
	at org.testng.internal.TestMethodWorker.invokeTestMethods(TestMethodWorker.java:127)
	at org.testng.internal.TestMethodWorker.run(TestMethodWorker.java:111)
	at org.testng.TestRunner.privateRun(TestRunner.java:767)
	at org.testng.TestRunner.run(TestRunner.java:617)
	at org.testng.SuiteRunner.runTest(SuiteRunner.java:334)
	at org.testng.SuiteRunner.runSequentially(SuiteRunner.java:329)
	at org.testng.SuiteRunner.privateRun(SuiteRunner.java:291)
	at org.testng.SuiteRunner.run(SuiteRunner.java:240)
	at org.testng.SuiteRunnerWorker.runSuite(SuiteRunnerWorker.java:51)
	at org.testng.SuiteRunnerWorker.run(SuiteRunnerWorker.java:85)
	at org.testng.TestNG.runSuitesSequentially(TestNG.java:1197)
	at org.testng.TestNG.runSuitesLocally(TestNG.java:1122)
	at org.testng.TestNG.run(TestNG.java:1030)
	at org.testng.remote.RemoteTestNG.run(RemoteTestNG.java:111)
	at org.testng.remote.RemoteTestNG.initAndRun(RemoteTestNG.java:204)
	at org.testng.remote.RemoteTestNG.main(RemoteTestNG.java:175)
Caused by: org.apache.http.conn.HttpHostConnectException: Connection to http://127.0.0.1:7055 refused
	at org.apache.http.impl.conn.DefaultClientConnectionOperator.openConnection(DefaultClientConnectionOperator.java:158)
	at org.apache.http.impl.conn.AbstractPoolEntry.open(AbstractPoolEntry.java:150)
	at org.apache.http.impl.conn.AbstractPooledConnAdapter.open(AbstractPooledConnAdapter.java:121)
	at org.apache.http.impl.client.DefaultRequestDirector.tryConnect(DefaultRequestDirector.java:575)
	at org.apache.http.impl.client.DefaultRequestDirector.execute(DefaultRequestDirector.java:425)
	at org.apache.http.impl.client.AbstractHttpClient.execute(AbstractHttpClient.java:820)
	at org.openqa.selenium.remote.HttpCommandExecutor.fallBackExecute(HttpCommandExecutor.java:319)
	at org.openqa.selenium.remote.HttpCommandExecutor.execute(HttpCommandExecutor.java:297)
	at org.openqa.selenium.firefox.internal.NewProfileExtensionConnection.execute(NewProfileExtensionConnection.java:136)
	at org.openqa.selenium.firefox.FirefoxDriver$LazyCommandExecutor.execute(FirefoxDriver.java:325)
	at org.openqa.selenium.remote.RemoteWebDriver.execute(RemoteWebDriver.java:446)
	... 27 more
Caused by: java.net.ConnectException: Connection refused: connect
	at java.net.PlainSocketImpl.socketConnect(Native Method)
	at java.net.PlainSocketImpl.doConnect(PlainSocketImpl.java:351)
	at java.net.PlainSocketImpl.connectToAddress(PlainSocketImpl.java:213)
	at java.net.PlainSocketImpl.connect(PlainSocketImpl.java:200)
	at java.net.SocksSocketImpl.connect(SocksSocketImpl.java:366)
	at java.net.Socket.connect(Socket.java:529)
	at org.apache.http.conn.scheme.PlainSocketFactory.connectSocket(PlainSocketFactory.java:123)
	at org.apache.http.impl.conn.DefaultClientConnectionOperator.openConnection(DefaultClientConnectionOperator.java:148)
	... 37 more
</pre></div></td>
<td>0</td>
<td>com.clogic.SeleniumFramework.ClassTest@11c8a71</td></tr>
<tr>
<td title='com.clogic.SeleniumFramework.ClassTest.newAccountCreationByAdminTest()'><b>newAccountCreationByAdminTest</b><br>Test class: com.clogic.SeleniumFramework.ClassTest<br>Test method: New Account Creation by Admin</td>
<td><div><pre>org.openqa.selenium.remote.UnreachableBrowserException: Error communicating with the remote browser. It may have died.
Build info: version: &apos;2.24.1&apos;, revision: &apos;17205&apos;, time: &apos;2012-06-19 16:53:24&apos;
System info: os.name: &apos;Windows Vista&apos;, os.arch: &apos;x86&apos;, os.version: &apos;6.0&apos;, java.version: &apos;1.6.0_33&apos;
Driver info: driver.version: RemoteWebDriver
	at org.openqa.selenium.remote.RemoteWebDriver.execute(RemoteWebDriver.java:467)
	at org.openqa.selenium.remote.RemoteWebDriver.get(RemoteWebDriver.java:216)
	at com.clogic.SeleniumFramework.LogInPage.&lt;init&gt;(LogInPage.java:32)
	at com.clogic.SeleniumFramework.ClassTest.newAccountCreationByAdminTest(ClassTest.java:134)
	at sun.reflect.NativeMethodAccessorImpl.invoke0(Native Method)
	at sun.reflect.NativeMethodAccessorImpl.invoke(NativeMethodAccessorImpl.java:39)
	at sun.reflect.DelegatingMethodAccessorImpl.invoke(DelegatingMethodAccessorImpl.java:25)
	at java.lang.reflect.Method.invoke(Method.java:597)
	at org.testng.internal.MethodInvocationHelper.invokeMethod(MethodInvocationHelper.java:80)
	at org.testng.internal.Invoker.invokeMethod(Invoker.java:715)
	at org.testng.internal.Invoker.invokeTestMethod(Invoker.java:907)
	at org.testng.internal.Invoker.invokeTestMethods(Invoker.java:1237)
	at org.testng.internal.TestMethodWorker.invokeTestMethods(TestMethodWorker.java:127)
	at org.testng.internal.TestMethodWorker.run(TestMethodWorker.java:111)
	at org.testng.TestRunner.privateRun(TestRunner.java:767)
	at org.testng.TestRunner.run(TestRunner.java:617)
	at org.testng.SuiteRunner.runTest(SuiteRunner.java:334)
	at org.testng.SuiteRunner.runSequentially(SuiteRunner.java:329)
	at org.testng.SuiteRunner.privateRun(SuiteRunner.java:291)
	at org.testng.SuiteRunner.run(SuiteRunner.java:240)
	at org.testng.SuiteRunnerWorker.runSuite(SuiteRunnerWorker.java:51)
	at org.testng.SuiteRunnerWorker.run(SuiteRunnerWorker.java:85)
	at org.testng.TestNG.runSuitesSequentially(TestNG.java:1197)
	at org.testng.TestNG.runSuitesLocally(TestNG.java:1122)
	at org.testng.TestNG.run(TestNG.java:1030)
	at org.testng.remote.RemoteTestNG.run(RemoteTestNG.java:111)
	at org.testng.remote.RemoteTestNG.initAndRun(RemoteTestNG.java:204)
	at org.testng.remote.RemoteTestNG.main(RemoteTestNG.java:175)
Caused by: org.apache.http.conn.HttpHostConnectException: Connection to http://127.0.0.1:7055 refused
	at org.apache.http.impl.conn.DefaultClientConnectionOperator.openConnection(DefaultClientConnectionOperator.java:158)
	at org.apache.http.impl.conn.AbstractPoolEntry.open(AbstractPoolEntry.java:150)
	at org.apache.http.impl.conn.AbstractPooledConnAdapter.open(AbstractPooledConnAdapter.java:121)
	at org.apache.http.impl.client.DefaultRequestDirector.tryConnect(DefaultRequestDirector.java:575)
	at org.apache.http.impl.client.DefaultRequestDirector.execute(DefaultRequestDirector.java:425)
	at org.apache.http.impl.client.AbstractHttpClient.execute(AbstractHttpClient.java:820)
	at org.openqa.selenium.remote.HttpCommandExecutor.fallBackExecute(HttpCommandExecutor.java:319)
	at org.openqa.selenium.remote.HttpCommandExecutor.execute(HttpCommandExecutor.java:297)
	at org.openqa.selenium.firefox.internal.NewProfileExtensionConnection.execute(NewProfileExtensionConnection.java:136)
	at org.openqa.selenium.firefox.FirefoxDriver$LazyCommandExecutor.execute(FirefoxDriver.java:325)
	at org.openqa.selenium.remote.RemoteWebDriver.execute(RemoteWebDriver.java:446)
	... 27 more
Caused by: java.net.ConnectException: Connection refused: connect
	at java.net.PlainSocketImpl.socketConnect(Native Method)
	at java.net.PlainSocketImpl.doConnect(PlainSocketImpl.java:351)
	at java.net.PlainSocketImpl.connectToAddress(PlainSocketImpl.java:213)
	at java.net.PlainSocketImpl.connect(PlainSocketImpl.java:200)
	at java.net.SocksSocketImpl.connect(SocksSocketImpl.java:366)
	at java.net.Socket.connect(Socket.java:529)
	at org.apache.http.conn.scheme.PlainSocketFactory.connectSocket(PlainSocketFactory.java:123)
	at org.apache.http.impl.conn.DefaultClientConnectionOperator.openConnection(DefaultClientConnectionOperator.java:148)
	... 37 more
</pre></div><a href='#' onClick='toggleBox("stack-trace18012736", this, "Click to show all stack frames", "Click to hide stack frames")'>Click to show all stack frames</a>
<div class='stack-trace' id='stack-trace18012736'><pre>org.openqa.selenium.remote.UnreachableBrowserException: Error communicating with the remote browser. It may have died.
Build info: version: &apos;2.24.1&apos;, revision: &apos;17205&apos;, time: &apos;2012-06-19 16:53:24&apos;
System info: os.name: &apos;Windows Vista&apos;, os.arch: &apos;x86&apos;, os.version: &apos;6.0&apos;, java.version: &apos;1.6.0_33&apos;
Driver info: driver.version: RemoteWebDriver
	at org.openqa.selenium.remote.RemoteWebDriver.execute(RemoteWebDriver.java:467)
	at org.openqa.selenium.remote.RemoteWebDriver.get(RemoteWebDriver.java:216)
	at com.clogic.SeleniumFramework.LogInPage.&lt;init&gt;(LogInPage.java:32)
	at com.clogic.SeleniumFramework.ClassTest.newAccountCreationByAdminTest(ClassTest.java:134)
	at sun.reflect.NativeMethodAccessorImpl.invoke0(Native Method)
	at sun.reflect.NativeMethodAccessorImpl.invoke(NativeMethodAccessorImpl.java:39)
	at sun.reflect.DelegatingMethodAccessorImpl.invoke(DelegatingMethodAccessorImpl.java:25)
	at java.lang.reflect.Method.invoke(Method.java:597)
	at org.testng.internal.MethodInvocationHelper.invokeMethod(MethodInvocationHelper.java:80)
	at org.testng.internal.Invoker.invokeMethod(Invoker.java:715)
	at org.testng.internal.Invoker.invokeTestMethod(Invoker.java:907)
	at org.testng.internal.Invoker.invokeTestMethods(Invoker.java:1237)
	at org.testng.internal.TestMethodWorker.invokeTestMethods(TestMethodWorker.java:127)
	at org.testng.internal.TestMethodWorker.run(TestMethodWorker.java:111)
	at org.testng.TestRunner.privateRun(TestRunner.java:767)
	at org.testng.TestRunner.run(TestRunner.java:617)
	at org.testng.SuiteRunner.runTest(SuiteRunner.java:334)
	at org.testng.SuiteRunner.runSequentially(SuiteRunner.java:329)
	at org.testng.SuiteRunner.privateRun(SuiteRunner.java:291)
	at org.testng.SuiteRunner.run(SuiteRunner.java:240)
	at org.testng.SuiteRunnerWorker.runSuite(SuiteRunnerWorker.java:51)
	at org.testng.SuiteRunnerWorker.run(SuiteRunnerWorker.java:85)
	at org.testng.TestNG.runSuitesSequentially(TestNG.java:1197)
	at org.testng.TestNG.runSuitesLocally(TestNG.java:1122)
	at org.testng.TestNG.run(TestNG.java:1030)
	at org.testng.remote.RemoteTestNG.run(RemoteTestNG.java:111)
	at org.testng.remote.RemoteTestNG.initAndRun(RemoteTestNG.java:204)
	at org.testng.remote.RemoteTestNG.main(RemoteTestNG.java:175)
Caused by: org.apache.http.conn.HttpHostConnectException: Connection to http://127.0.0.1:7055 refused
	at org.apache.http.impl.conn.DefaultClientConnectionOperator.openConnection(DefaultClientConnectionOperator.java:158)
	at org.apache.http.impl.conn.AbstractPoolEntry.open(AbstractPoolEntry.java:150)
	at org.apache.http.impl.conn.AbstractPooledConnAdapter.open(AbstractPooledConnAdapter.java:121)
	at org.apache.http.impl.client.DefaultRequestDirector.tryConnect(DefaultRequestDirector.java:575)
	at org.apache.http.impl.client.DefaultRequestDirector.execute(DefaultRequestDirector.java:425)
	at org.apache.http.impl.client.AbstractHttpClient.execute(AbstractHttpClient.java:820)
	at org.openqa.selenium.remote.HttpCommandExecutor.fallBackExecute(HttpCommandExecutor.java:319)
	at org.openqa.selenium.remote.HttpCommandExecutor.execute(HttpCommandExecutor.java:297)
	at org.openqa.selenium.firefox.internal.NewProfileExtensionConnection.execute(NewProfileExtensionConnection.java:136)
	at org.openqa.selenium.firefox.FirefoxDriver$LazyCommandExecutor.execute(FirefoxDriver.java:325)
	at org.openqa.selenium.remote.RemoteWebDriver.execute(RemoteWebDriver.java:446)
	... 27 more
Caused by: java.net.ConnectException: Connection refused: connect
	at java.net.PlainSocketImpl.socketConnect(Native Method)
	at java.net.PlainSocketImpl.doConnect(PlainSocketImpl.java:351)
	at java.net.PlainSocketImpl.connectToAddress(PlainSocketImpl.java:213)
	at java.net.PlainSocketImpl.connect(PlainSocketImpl.java:200)
	at java.net.SocksSocketImpl.connect(SocksSocketImpl.java:366)
	at java.net.Socket.connect(Socket.java:529)
	at org.apache.http.conn.scheme.PlainSocketFactory.connectSocket(PlainSocketFactory.java:123)
	at org.apache.http.impl.conn.DefaultClientConnectionOperator.openConnection(DefaultClientConnectionOperator.java:148)
	... 37 more
</pre></div></td>
<td>1</td>
<td>com.clogic.SeleniumFramework.ClassTest@11c8a71</td></tr>
<tr>
<td title='com.clogic.SeleniumFramework.ClassTest.newAccountCreationTest()'><b>newAccountCreationTest</b><br>Test class: com.clogic.SeleniumFramework.ClassTest<br>Test method: New Account Creation</td>
<td><div><pre>org.openqa.selenium.remote.UnreachableBrowserException: Error communicating with the remote browser. It may have died.
Build info: version: &apos;2.24.1&apos;, revision: &apos;17205&apos;, time: &apos;2012-06-19 16:53:24&apos;
System info: os.name: &apos;Windows Vista&apos;, os.arch: &apos;x86&apos;, os.version: &apos;6.0&apos;, java.version: &apos;1.6.0_33&apos;
Driver info: driver.version: RemoteWebDriver
	at org.openqa.selenium.remote.RemoteWebDriver.execute(RemoteWebDriver.java:467)
	at org.openqa.selenium.remote.RemoteWebDriver.get(RemoteWebDriver.java:216)
	at com.clogic.SeleniumFramework.LogInPage.&lt;init&gt;(LogInPage.java:32)
	at com.clogic.SeleniumFramework.ClassTest.newAccountCreationTest(ClassTest.java:92)
	at sun.reflect.NativeMethodAccessorImpl.invoke0(Native Method)
	at sun.reflect.NativeMethodAccessorImpl.invoke(NativeMethodAccessorImpl.java:39)
	at sun.reflect.DelegatingMethodAccessorImpl.invoke(DelegatingMethodAccessorImpl.java:25)
	at java.lang.reflect.Method.invoke(Method.java:597)
	at org.testng.internal.MethodInvocationHelper.invokeMethod(MethodInvocationHelper.java:80)
	at org.testng.internal.Invoker.invokeMethod(Invoker.java:715)
	at org.testng.internal.Invoker.invokeTestMethod(Invoker.java:907)
	at org.testng.internal.Invoker.invokeTestMethods(Invoker.java:1237)
	at org.testng.internal.TestMethodWorker.invokeTestMethods(TestMethodWorker.java:127)
	at org.testng.internal.TestMethodWorker.run(TestMethodWorker.java:111)
	at org.testng.TestRunner.privateRun(TestRunner.java:767)
	at org.testng.TestRunner.run(TestRunner.java:617)
	at org.testng.SuiteRunner.runTest(SuiteRunner.java:334)
	at org.testng.SuiteRunner.runSequentially(SuiteRunner.java:329)
	at org.testng.SuiteRunner.privateRun(SuiteRunner.java:291)
	at org.testng.SuiteRunner.run(SuiteRunner.java:240)
	at org.testng.SuiteRunnerWorker.runSuite(SuiteRunnerWorker.java:51)
	at org.testng.SuiteRunnerWorker.run(SuiteRunnerWorker.java:85)
	at org.testng.TestNG.runSuitesSequentially(TestNG.java:1197)
	at org.testng.TestNG.runSuitesLocally(TestNG.java:1122)
	at org.testng.TestNG.run(TestNG.java:1030)
	at org.testng.remote.RemoteTestNG.run(RemoteTestNG.java:111)
	at org.testng.remote.RemoteTestNG.initAndRun(RemoteTestNG.java:204)
	at org.testng.remote.RemoteTestNG.main(RemoteTestNG.java:175)
Caused by: org.apache.http.conn.HttpHostConnectException: Connection to http://127.0.0.1:7055 refused
	at org.apache.http.impl.conn.DefaultClientConnectionOperator.openConnection(DefaultClientConnectionOperator.java:158)
	at org.apache.http.impl.conn.AbstractPoolEntry.open(AbstractPoolEntry.java:150)
	at org.apache.http.impl.conn.AbstractPooledConnAdapter.open(AbstractPooledConnAdapter.java:121)
	at org.apache.http.impl.client.DefaultRequestDirector.tryConnect(DefaultRequestDirector.java:575)
	at org.apache.http.impl.client.DefaultRequestDirector.execute(DefaultRequestDirector.java:425)
	at org.apache.http.impl.client.AbstractHttpClient.execute(AbstractHttpClient.java:820)
	at org.openqa.selenium.remote.HttpCommandExecutor.fallBackExecute(HttpCommandExecutor.java:319)
	at org.openqa.selenium.remote.HttpCommandExecutor.execute(HttpCommandExecutor.java:297)
	at org.openqa.selenium.firefox.internal.NewProfileExtensionConnection.execute(NewProfileExtensionConnection.java:136)
	at org.openqa.selenium.firefox.FirefoxDriver$LazyCommandExecutor.execute(FirefoxDriver.java:325)
	at org.openqa.selenium.remote.RemoteWebDriver.execute(RemoteWebDriver.java:446)
	... 27 more
Caused by: java.net.ConnectException: Connection refused: connect
	at java.net.PlainSocketImpl.socketConnect(Native Method)
	at java.net.PlainSocketImpl.doConnect(PlainSocketImpl.java:351)
	at java.net.PlainSocketImpl.connectToAddress(PlainSocketImpl.java:213)
	at java.net.PlainSocketImpl.connect(PlainSocketImpl.java:200)
	at java.net.SocksSocketImpl.connect(SocksSocketImpl.java:366)
	at java.net.Socket.connect(Socket.java:529)
	at org.apache.http.conn.scheme.PlainSocketFactory.connectSocket(PlainSocketFactory.java:123)
	at org.apache.http.impl.conn.DefaultClientConnectionOperator.openConnection(DefaultClientConnectionOperator.java:148)
	... 37 more
</pre></div><a href='#' onClick='toggleBox("stack-trace6621330", this, "Click to show all stack frames", "Click to hide stack frames")'>Click to show all stack frames</a>
<div class='stack-trace' id='stack-trace6621330'><pre>org.openqa.selenium.remote.UnreachableBrowserException: Error communicating with the remote browser. It may have died.
Build info: version: &apos;2.24.1&apos;, revision: &apos;17205&apos;, time: &apos;2012-06-19 16:53:24&apos;
System info: os.name: &apos;Windows Vista&apos;, os.arch: &apos;x86&apos;, os.version: &apos;6.0&apos;, java.version: &apos;1.6.0_33&apos;
Driver info: driver.version: RemoteWebDriver
	at org.openqa.selenium.remote.RemoteWebDriver.execute(RemoteWebDriver.java:467)
	at org.openqa.selenium.remote.RemoteWebDriver.get(RemoteWebDriver.java:216)
	at com.clogic.SeleniumFramework.LogInPage.&lt;init&gt;(LogInPage.java:32)
	at com.clogic.SeleniumFramework.ClassTest.newAccountCreationTest(ClassTest.java:92)
	at sun.reflect.NativeMethodAccessorImpl.invoke0(Native Method)
	at sun.reflect.NativeMethodAccessorImpl.invoke(NativeMethodAccessorImpl.java:39)
	at sun.reflect.DelegatingMethodAccessorImpl.invoke(DelegatingMethodAccessorImpl.java:25)
	at java.lang.reflect.Method.invoke(Method.java:597)
	at org.testng.internal.MethodInvocationHelper.invokeMethod(MethodInvocationHelper.java:80)
	at org.testng.internal.Invoker.invokeMethod(Invoker.java:715)
	at org.testng.internal.Invoker.invokeTestMethod(Invoker.java:907)
	at org.testng.internal.Invoker.invokeTestMethods(Invoker.java:1237)
	at org.testng.internal.TestMethodWorker.invokeTestMethods(TestMethodWorker.java:127)
	at org.testng.internal.TestMethodWorker.run(TestMethodWorker.java:111)
	at org.testng.TestRunner.privateRun(TestRunner.java:767)
	at org.testng.TestRunner.run(TestRunner.java:617)
	at org.testng.SuiteRunner.runTest(SuiteRunner.java:334)
	at org.testng.SuiteRunner.runSequentially(SuiteRunner.java:329)
	at org.testng.SuiteRunner.privateRun(SuiteRunner.java:291)
	at org.testng.SuiteRunner.run(SuiteRunner.java:240)
	at org.testng.SuiteRunnerWorker.runSuite(SuiteRunnerWorker.java:51)
	at org.testng.SuiteRunnerWorker.run(SuiteRunnerWorker.java:85)
	at org.testng.TestNG.runSuitesSequentially(TestNG.java:1197)
	at org.testng.TestNG.runSuitesLocally(TestNG.java:1122)
	at org.testng.TestNG.run(TestNG.java:1030)
	at org.testng.remote.RemoteTestNG.run(RemoteTestNG.java:111)
	at org.testng.remote.RemoteTestNG.initAndRun(RemoteTestNG.java:204)
	at org.testng.remote.RemoteTestNG.main(RemoteTestNG.java:175)
Caused by: org.apache.http.conn.HttpHostConnectException: Connection to http://127.0.0.1:7055 refused
	at org.apache.http.impl.conn.DefaultClientConnectionOperator.openConnection(DefaultClientConnectionOperator.java:158)
	at org.apache.http.impl.conn.AbstractPoolEntry.open(AbstractPoolEntry.java:150)
	at org.apache.http.impl.conn.AbstractPooledConnAdapter.open(AbstractPooledConnAdapter.java:121)
	at org.apache.http.impl.client.DefaultRequestDirector.tryConnect(DefaultRequestDirector.java:575)
	at org.apache.http.impl.client.DefaultRequestDirector.execute(DefaultRequestDirector.java:425)
	at org.apache.http.impl.client.AbstractHttpClient.execute(AbstractHttpClient.java:820)
	at org.openqa.selenium.remote.HttpCommandExecutor.fallBackExecute(HttpCommandExecutor.java:319)
	at org.openqa.selenium.remote.HttpCommandExecutor.execute(HttpCommandExecutor.java:297)
	at org.openqa.selenium.firefox.internal.NewProfileExtensionConnection.execute(NewProfileExtensionConnection.java:136)
	at org.openqa.selenium.firefox.FirefoxDriver$LazyCommandExecutor.execute(FirefoxDriver.java:325)
	at org.openqa.selenium.remote.RemoteWebDriver.execute(RemoteWebDriver.java:446)
	... 27 more
Caused by: java.net.ConnectException: Connection refused: connect
	at java.net.PlainSocketImpl.socketConnect(Native Method)
	at java.net.PlainSocketImpl.doConnect(PlainSocketImpl.java:351)
	at java.net.PlainSocketImpl.connectToAddress(PlainSocketImpl.java:213)
	at java.net.PlainSocketImpl.connect(PlainSocketImpl.java:200)
	at java.net.SocksSocketImpl.connect(SocksSocketImpl.java:366)
	at java.net.Socket.connect(Socket.java:529)
	at org.apache.http.conn.scheme.PlainSocketFactory.connectSocket(PlainSocketFactory.java:123)
	at org.apache.http.impl.conn.DefaultClientConnectionOperator.openConnection(DefaultClientConnectionOperator.java:148)
	... 37 more
</pre></div></td>
<td>0</td>
<td>com.clogic.SeleniumFramework.ClassTest@11c8a71</td></tr>
<tr>
<td title='com.clogic.SeleniumFramework.ClassTest.newTest()'><b>newTest</b><br>Test class: com.clogic.SeleniumFramework.ClassTest<br>Test method: Test Ride</td>
<td><div><pre>org.openqa.selenium.remote.UnreachableBrowserException: Error communicating with the remote browser. It may have died.
Build info: version: &apos;2.24.1&apos;, revision: &apos;17205&apos;, time: &apos;2012-06-19 16:53:24&apos;
System info: os.name: &apos;Windows Vista&apos;, os.arch: &apos;x86&apos;, os.version: &apos;6.0&apos;, java.version: &apos;1.6.0_33&apos;
Driver info: driver.version: RemoteWebDriver
	at org.openqa.selenium.remote.RemoteWebDriver.execute(RemoteWebDriver.java:467)
	at org.openqa.selenium.remote.RemoteWebDriver.get(RemoteWebDriver.java:216)
	at com.clogic.SeleniumFramework.LogInPage.&lt;init&gt;(LogInPage.java:32)
	at com.clogic.SeleniumFramework.ClassTest.loginAdmin(ClassTest.java:39)
	at com.clogic.SeleniumFramework.ClassTest.newTest(ClassTest.java:56)
	at sun.reflect.NativeMethodAccessorImpl.invoke0(Native Method)
	at sun.reflect.NativeMethodAccessorImpl.invoke(NativeMethodAccessorImpl.java:39)
	at sun.reflect.DelegatingMethodAccessorImpl.invoke(DelegatingMethodAccessorImpl.java:25)
	at java.lang.reflect.Method.invoke(Method.java:597)
	at org.testng.internal.MethodInvocationHelper.invokeMethod(MethodInvocationHelper.java:80)
	at org.testng.internal.Invoker.invokeMethod(Invoker.java:715)
	at org.testng.internal.Invoker.invokeTestMethod(Invoker.java:907)
	at org.testng.internal.Invoker.invokeTestMethods(Invoker.java:1237)
	at org.testng.internal.TestMethodWorker.invokeTestMethods(TestMethodWorker.java:127)
	at org.testng.internal.TestMethodWorker.run(TestMethodWorker.java:111)
	at org.testng.TestRunner.privateRun(TestRunner.java:767)
	at org.testng.TestRunner.run(TestRunner.java:617)
	at org.testng.SuiteRunner.runTest(SuiteRunner.java:334)
	at org.testng.SuiteRunner.runSequentially(SuiteRunner.java:329)
	at org.testng.SuiteRunner.privateRun(SuiteRunner.java:291)
	at org.testng.SuiteRunner.run(SuiteRunner.java:240)
	at org.testng.SuiteRunnerWorker.runSuite(SuiteRunnerWorker.java:51)
	at org.testng.SuiteRunnerWorker.run(SuiteRunnerWorker.java:85)
	at org.testng.TestNG.runSuitesSequentially(TestNG.java:1197)
	at org.testng.TestNG.runSuitesLocally(TestNG.java:1122)
	at org.testng.TestNG.run(TestNG.java:1030)
	at org.testng.remote.RemoteTestNG.run(RemoteTestNG.java:111)
	at org.testng.remote.RemoteTestNG.initAndRun(RemoteTestNG.java:204)
	at org.testng.remote.RemoteTestNG.main(RemoteTestNG.java:175)
Caused by: org.apache.http.conn.HttpHostConnectException: Connection to http://127.0.0.1:7055 refused
	at org.apache.http.impl.conn.DefaultClientConnectionOperator.openConnection(DefaultClientConnectionOperator.java:158)
	at org.apache.http.impl.conn.AbstractPoolEntry.open(AbstractPoolEntry.java:150)
	at org.apache.http.impl.conn.AbstractPooledConnAdapter.open(AbstractPooledConnAdapter.java:121)
	at org.apache.http.impl.client.DefaultRequestDirector.tryConnect(DefaultRequestDirector.java:575)
	at org.apache.http.impl.client.DefaultRequestDirector.execute(DefaultRequestDirector.java:425)
	at org.apache.http.impl.client.AbstractHttpClient.execute(AbstractHttpClient.java:820)
	at org.openqa.selenium.remote.HttpCommandExecutor.fallBackExecute(HttpCommandExecutor.java:319)
	at org.openqa.selenium.remote.HttpCommandExecutor.execute(HttpCommandExecutor.java:297)
	at org.openqa.selenium.firefox.internal.NewProfileExtensionConnection.execute(NewProfileExtensionConnection.java:136)
	at org.openqa.selenium.firefox.FirefoxDriver$LazyCommandExecutor.execute(FirefoxDriver.java:325)
	at org.openqa.selenium.remote.RemoteWebDriver.execute(RemoteWebDriver.java:446)
	... 28 more
Caused by: java.net.ConnectException: Connection refused: connect
	at java.net.PlainSocketImpl.socketConnect(Native Method)
	at java.net.PlainSocketImpl.doConnect(PlainSocketImpl.java:351)
	at java.net.PlainSocketImpl.connectToAddress(PlainSocketImpl.java:213)
	at java.net.PlainSocketImpl.connect(PlainSocketImpl.java:200)
	at java.net.SocksSocketImpl.connect(SocksSocketImpl.java:366)
	at java.net.Socket.connect(Socket.java:529)
	at org.apache.http.conn.scheme.PlainSocketFactory.connectSocket(PlainSocketFactory.java:123)
	at org.apache.http.impl.conn.DefaultClientConnectionOperator.openConnection(DefaultClientConnectionOperator.java:148)
	... 38 more
</pre></div><a href='#' onClick='toggleBox("stack-trace15462504", this, "Click to show all stack frames", "Click to hide stack frames")'>Click to show all stack frames</a>
<div class='stack-trace' id='stack-trace15462504'><pre>org.openqa.selenium.remote.UnreachableBrowserException: Error communicating with the remote browser. It may have died.
Build info: version: &apos;2.24.1&apos;, revision: &apos;17205&apos;, time: &apos;2012-06-19 16:53:24&apos;
System info: os.name: &apos;Windows Vista&apos;, os.arch: &apos;x86&apos;, os.version: &apos;6.0&apos;, java.version: &apos;1.6.0_33&apos;
Driver info: driver.version: RemoteWebDriver
	at org.openqa.selenium.remote.RemoteWebDriver.execute(RemoteWebDriver.java:467)
	at org.openqa.selenium.remote.RemoteWebDriver.get(RemoteWebDriver.java:216)
	at com.clogic.SeleniumFramework.LogInPage.&lt;init&gt;(LogInPage.java:32)
	at com.clogic.SeleniumFramework.ClassTest.loginAdmin(ClassTest.java:39)
	at com.clogic.SeleniumFramework.ClassTest.newTest(ClassTest.java:56)
	at sun.reflect.NativeMethodAccessorImpl.invoke0(Native Method)
	at sun.reflect.NativeMethodAccessorImpl.invoke(NativeMethodAccessorImpl.java:39)
	at sun.reflect.DelegatingMethodAccessorImpl.invoke(DelegatingMethodAccessorImpl.java:25)
	at java.lang.reflect.Method.invoke(Method.java:597)
	at org.testng.internal.MethodInvocationHelper.invokeMethod(MethodInvocationHelper.java:80)
	at org.testng.internal.Invoker.invokeMethod(Invoker.java:715)
	at org.testng.internal.Invoker.invokeTestMethod(Invoker.java:907)
	at org.testng.internal.Invoker.invokeTestMethods(Invoker.java:1237)
	at org.testng.internal.TestMethodWorker.invokeTestMethods(TestMethodWorker.java:127)
	at org.testng.internal.TestMethodWorker.run(TestMethodWorker.java:111)
	at org.testng.TestRunner.privateRun(TestRunner.java:767)
	at org.testng.TestRunner.run(TestRunner.java:617)
	at org.testng.SuiteRunner.runTest(SuiteRunner.java:334)
	at org.testng.SuiteRunner.runSequentially(SuiteRunner.java:329)
	at org.testng.SuiteRunner.privateRun(SuiteRunner.java:291)
	at org.testng.SuiteRunner.run(SuiteRunner.java:240)
	at org.testng.SuiteRunnerWorker.runSuite(SuiteRunnerWorker.java:51)
	at org.testng.SuiteRunnerWorker.run(SuiteRunnerWorker.java:85)
	at org.testng.TestNG.runSuitesSequentially(TestNG.java:1197)
	at org.testng.TestNG.runSuitesLocally(TestNG.java:1122)
	at org.testng.TestNG.run(TestNG.java:1030)
	at org.testng.remote.RemoteTestNG.run(RemoteTestNG.java:111)
	at org.testng.remote.RemoteTestNG.initAndRun(RemoteTestNG.java:204)
	at org.testng.remote.RemoteTestNG.main(RemoteTestNG.java:175)
Caused by: org.apache.http.conn.HttpHostConnectException: Connection to http://127.0.0.1:7055 refused
	at org.apache.http.impl.conn.DefaultClientConnectionOperator.openConnection(DefaultClientConnectionOperator.java:158)
	at org.apache.http.impl.conn.AbstractPoolEntry.open(AbstractPoolEntry.java:150)
	at org.apache.http.impl.conn.AbstractPooledConnAdapter.open(AbstractPooledConnAdapter.java:121)
	at org.apache.http.impl.client.DefaultRequestDirector.tryConnect(DefaultRequestDirector.java:575)
	at org.apache.http.impl.client.DefaultRequestDirector.execute(DefaultRequestDirector.java:425)
	at org.apache.http.impl.client.AbstractHttpClient.execute(AbstractHttpClient.java:820)
	at org.openqa.selenium.remote.HttpCommandExecutor.fallBackExecute(HttpCommandExecutor.java:319)
	at org.openqa.selenium.remote.HttpCommandExecutor.execute(HttpCommandExecutor.java:297)
	at org.openqa.selenium.firefox.internal.NewProfileExtensionConnection.execute(NewProfileExtensionConnection.java:136)
	at org.openqa.selenium.firefox.FirefoxDriver$LazyCommandExecutor.execute(FirefoxDriver.java:325)
	at org.openqa.selenium.remote.RemoteWebDriver.execute(RemoteWebDriver.java:446)
	... 28 more
Caused by: java.net.ConnectException: Connection refused: connect
	at java.net.PlainSocketImpl.socketConnect(Native Method)
	at java.net.PlainSocketImpl.doConnect(PlainSocketImpl.java:351)
	at java.net.PlainSocketImpl.connectToAddress(PlainSocketImpl.java:213)
	at java.net.PlainSocketImpl.connect(PlainSocketImpl.java:200)
	at java.net.SocksSocketImpl.connect(SocksSocketImpl.java:366)
	at java.net.Socket.connect(Socket.java:529)
	at org.apache.http.conn.scheme.PlainSocketFactory.connectSocket(PlainSocketFactory.java:123)
	at org.apache.http.impl.conn.DefaultClientConnectionOperator.openConnection(DefaultClientConnectionOperator.java:148)
	... 38 more
</pre></div></td>
<td>1</td>
<td>com.clogic.SeleniumFramework.ClassTest@11c8a71</td></tr>
<tr>
<td title='com.clogic.SeleniumFramework.ClassTest.testDialPlan()'><b>testDialPlan</b><br>Test class: com.clogic.SeleniumFramework.ClassTest<br>Test method: Change Dial Plan</td>
<td><div><pre>java.lang.NullPointerException
	at com.clogic.SeleniumFramework.ClassTest.testDialPlan(ClassTest.java:303)
	at sun.reflect.NativeMethodAccessorImpl.invoke0(Native Method)
	at sun.reflect.NativeMethodAccessorImpl.invoke(NativeMethodAccessorImpl.java:39)
	at sun.reflect.DelegatingMethodAccessorImpl.invoke(DelegatingMethodAccessorImpl.java:25)
	at java.lang.reflect.Method.invoke(Method.java:597)
	at org.testng.internal.MethodInvocationHelper.invokeMethod(MethodInvocationHelper.java:80)
	at org.testng.internal.Invoker.invokeMethod(Invoker.java:715)
	at org.testng.internal.Invoker.invokeTestMethod(Invoker.java:907)
	at org.testng.internal.Invoker.invokeTestMethods(Invoker.java:1237)
	at org.testng.internal.TestMethodWorker.invokeTestMethods(TestMethodWorker.java:127)
	at org.testng.internal.TestMethodWorker.run(TestMethodWorker.java:111)
	at org.testng.TestRunner.privateRun(TestRunner.java:767)
	at org.testng.TestRunner.run(TestRunner.java:617)
	at org.testng.SuiteRunner.runTest(SuiteRunner.java:334)
	at org.testng.SuiteRunner.runSequentially(SuiteRunner.java:329)
	at org.testng.SuiteRunner.privateRun(SuiteRunner.java:291)
	at org.testng.SuiteRunner.run(SuiteRunner.java:240)
	at org.testng.SuiteRunnerWorker.runSuite(SuiteRunnerWorker.java:51)
	at org.testng.SuiteRunnerWorker.run(SuiteRunnerWorker.java:85)
	at org.testng.TestNG.runSuitesSequentially(TestNG.java:1197)
	at org.testng.TestNG.runSuitesLocally(TestNG.java:1122)
	at org.testng.TestNG.run(TestNG.java:1030)
	at org.testng.remote.RemoteTestNG.run(RemoteTestNG.java:111)
	at org.testng.remote.RemoteTestNG.initAndRun(RemoteTestNG.java:204)
	at org.testng.remote.RemoteTestNG.main(RemoteTestNG.java:175)
</pre></div><a href='#' onClick='toggleBox("stack-trace12675864", this, "Click to show all stack frames", "Click to hide stack frames")'>Click to show all stack frames</a>
<div class='stack-trace' id='stack-trace12675864'><pre>java.lang.NullPointerException
	at com.clogic.SeleniumFramework.ClassTest.testDialPlan(ClassTest.java:303)
	at sun.reflect.NativeMethodAccessorImpl.invoke0(Native Method)
	at sun.reflect.NativeMethodAccessorImpl.invoke(NativeMethodAccessorImpl.java:39)
	at sun.reflect.DelegatingMethodAccessorImpl.invoke(DelegatingMethodAccessorImpl.java:25)
	at java.lang.reflect.Method.invoke(Method.java:597)
	at org.testng.internal.MethodInvocationHelper.invokeMethod(MethodInvocationHelper.java:80)
	at org.testng.internal.Invoker.invokeMethod(Invoker.java:715)
	at org.testng.internal.Invoker.invokeTestMethod(Invoker.java:907)
	at org.testng.internal.Invoker.invokeTestMethods(Invoker.java:1237)
	at org.testng.internal.TestMethodWorker.invokeTestMethods(TestMethodWorker.java:127)
	at org.testng.internal.TestMethodWorker.run(TestMethodWorker.java:111)
	at org.testng.TestRunner.privateRun(TestRunner.java:767)
	at org.testng.TestRunner.run(TestRunner.java:617)
	at org.testng.SuiteRunner.runTest(SuiteRunner.java:334)
	at org.testng.SuiteRunner.runSequentially(SuiteRunner.java:329)
	at org.testng.SuiteRunner.privateRun(SuiteRunner.java:291)
	at org.testng.SuiteRunner.run(SuiteRunner.java:240)
	at org.testng.SuiteRunnerWorker.runSuite(SuiteRunnerWorker.java:51)
	at org.testng.SuiteRunnerWorker.run(SuiteRunnerWorker.java:85)
	at org.testng.TestNG.runSuitesSequentially(TestNG.java:1197)
	at org.testng.TestNG.runSuitesLocally(TestNG.java:1122)
	at org.testng.TestNG.run(TestNG.java:1030)
	at org.testng.remote.RemoteTestNG.run(RemoteTestNG.java:111)
	at org.testng.remote.RemoteTestNG.initAndRun(RemoteTestNG.java:204)
	at org.testng.remote.RemoteTestNG.main(RemoteTestNG.java:175)
</pre></div></td>
<td>0</td>
<td>com.clogic.SeleniumFramework.ClassTest@11c8a71</td></tr>
<tr>
<td title='com.clogic.SeleniumFramework.ClassTest.updateCallCenterProfileTest()'><b>updateCallCenterProfileTest</b><br>Test class: com.clogic.SeleniumFramework.ClassTest<br>Test method: Update Call Center Profile</td>
<td><div><pre>org.openqa.selenium.remote.UnreachableBrowserException: Error communicating with the remote browser. It may have died.
Build info: version: &apos;2.24.1&apos;, revision: &apos;17205&apos;, time: &apos;2012-06-19 16:53:24&apos;
System info: os.name: &apos;Windows Vista&apos;, os.arch: &apos;x86&apos;, os.version: &apos;6.0&apos;, java.version: &apos;1.6.0_33&apos;
Driver info: driver.version: RemoteWebDriver
	at org.openqa.selenium.remote.RemoteWebDriver.execute(RemoteWebDriver.java:467)
	at org.openqa.selenium.remote.RemoteWebDriver.get(RemoteWebDriver.java:216)
	at com.clogic.SeleniumFramework.LogInPage.&lt;init&gt;(LogInPage.java:32)
	at com.clogic.SeleniumFramework.ClassTest.login(ClassTest.java:47)
	at com.clogic.SeleniumFramework.ClassTest.updateCallCenterProfileTest(ClassTest.java:164)
	at sun.reflect.NativeMethodAccessorImpl.invoke0(Native Method)
	at sun.reflect.NativeMethodAccessorImpl.invoke(NativeMethodAccessorImpl.java:39)
	at sun.reflect.DelegatingMethodAccessorImpl.invoke(DelegatingMethodAccessorImpl.java:25)
	at java.lang.reflect.Method.invoke(Method.java:597)
	at org.testng.internal.MethodInvocationHelper.invokeMethod(MethodInvocationHelper.java:80)
	at org.testng.internal.Invoker.invokeMethod(Invoker.java:715)
	at org.testng.internal.Invoker.invokeTestMethod(Invoker.java:907)
	at org.testng.internal.Invoker.invokeTestMethods(Invoker.java:1237)
	at org.testng.internal.TestMethodWorker.invokeTestMethods(TestMethodWorker.java:127)
	at org.testng.internal.TestMethodWorker.run(TestMethodWorker.java:111)
	at org.testng.TestRunner.privateRun(TestRunner.java:767)
	at org.testng.TestRunner.run(TestRunner.java:617)
	at org.testng.SuiteRunner.runTest(SuiteRunner.java:334)
	at org.testng.SuiteRunner.runSequentially(SuiteRunner.java:329)
	at org.testng.SuiteRunner.privateRun(SuiteRunner.java:291)
	at org.testng.SuiteRunner.run(SuiteRunner.java:240)
	at org.testng.SuiteRunnerWorker.runSuite(SuiteRunnerWorker.java:51)
	at org.testng.SuiteRunnerWorker.run(SuiteRunnerWorker.java:85)
	at org.testng.TestNG.runSuitesSequentially(TestNG.java:1197)
	at org.testng.TestNG.runSuitesLocally(TestNG.java:1122)
	at org.testng.TestNG.run(TestNG.java:1030)
	at org.testng.remote.RemoteTestNG.run(RemoteTestNG.java:111)
	at org.testng.remote.RemoteTestNG.initAndRun(RemoteTestNG.java:204)
	at org.testng.remote.RemoteTestNG.main(RemoteTestNG.java:175)
Caused by: org.apache.http.conn.HttpHostConnectException: Connection to http://127.0.0.1:7055 refused
	at org.apache.http.impl.conn.DefaultClientConnectionOperator.openConnection(DefaultClientConnectionOperator.java:158)
	at org.apache.http.impl.conn.AbstractPoolEntry.open(AbstractPoolEntry.java:150)
	at org.apache.http.impl.conn.AbstractPooledConnAdapter.open(AbstractPooledConnAdapter.java:121)
	at org.apache.http.impl.client.DefaultRequestDirector.tryConnect(DefaultRequestDirector.java:575)
	at org.apache.http.impl.client.DefaultRequestDirector.execute(DefaultRequestDirector.java:425)
	at org.apache.http.impl.client.AbstractHttpClient.execute(AbstractHttpClient.java:820)
	at org.openqa.selenium.remote.HttpCommandExecutor.fallBackExecute(HttpCommandExecutor.java:319)
	at org.openqa.selenium.remote.HttpCommandExecutor.execute(HttpCommandExecutor.java:297)
	at org.openqa.selenium.firefox.internal.NewProfileExtensionConnection.execute(NewProfileExtensionConnection.java:136)
	at org.openqa.selenium.firefox.FirefoxDriver$LazyCommandExecutor.execute(FirefoxDriver.java:325)
	at org.openqa.selenium.remote.RemoteWebDriver.execute(RemoteWebDriver.java:446)
	... 28 more
Caused by: java.net.ConnectException: Connection refused: connect
	at java.net.PlainSocketImpl.socketConnect(Native Method)
	at java.net.PlainSocketImpl.doConnect(PlainSocketImpl.java:351)
	at java.net.PlainSocketImpl.connectToAddress(PlainSocketImpl.java:213)
	at java.net.PlainSocketImpl.connect(PlainSocketImpl.java:200)
	at java.net.SocksSocketImpl.connect(SocksSocketImpl.java:366)
	at java.net.Socket.connect(Socket.java:529)
	at org.apache.http.conn.scheme.PlainSocketFactory.connectSocket(PlainSocketFactory.java:123)
	at org.apache.http.impl.conn.DefaultClientConnectionOperator.openConnection(DefaultClientConnectionOperator.java:148)
	... 38 more
</pre></div><a href='#' onClick='toggleBox("stack-trace17567590", this, "Click to show all stack frames", "Click to hide stack frames")'>Click to show all stack frames</a>
<div class='stack-trace' id='stack-trace17567590'><pre>org.openqa.selenium.remote.UnreachableBrowserException: Error communicating with the remote browser. It may have died.
Build info: version: &apos;2.24.1&apos;, revision: &apos;17205&apos;, time: &apos;2012-06-19 16:53:24&apos;
System info: os.name: &apos;Windows Vista&apos;, os.arch: &apos;x86&apos;, os.version: &apos;6.0&apos;, java.version: &apos;1.6.0_33&apos;
Driver info: driver.version: RemoteWebDriver
	at org.openqa.selenium.remote.RemoteWebDriver.execute(RemoteWebDriver.java:467)
	at org.openqa.selenium.remote.RemoteWebDriver.get(RemoteWebDriver.java:216)
	at com.clogic.SeleniumFramework.LogInPage.&lt;init&gt;(LogInPage.java:32)
	at com.clogic.SeleniumFramework.ClassTest.login(ClassTest.java:47)
	at com.clogic.SeleniumFramework.ClassTest.updateCallCenterProfileTest(ClassTest.java:164)
	at sun.reflect.NativeMethodAccessorImpl.invoke0(Native Method)
	at sun.reflect.NativeMethodAccessorImpl.invoke(NativeMethodAccessorImpl.java:39)
	at sun.reflect.DelegatingMethodAccessorImpl.invoke(DelegatingMethodAccessorImpl.java:25)
	at java.lang.reflect.Method.invoke(Method.java:597)
	at org.testng.internal.MethodInvocationHelper.invokeMethod(MethodInvocationHelper.java:80)
	at org.testng.internal.Invoker.invokeMethod(Invoker.java:715)
	at org.testng.internal.Invoker.invokeTestMethod(Invoker.java:907)
	at org.testng.internal.Invoker.invokeTestMethods(Invoker.java:1237)
	at org.testng.internal.TestMethodWorker.invokeTestMethods(TestMethodWorker.java:127)
	at org.testng.internal.TestMethodWorker.run(TestMethodWorker.java:111)
	at org.testng.TestRunner.privateRun(TestRunner.java:767)
	at org.testng.TestRunner.run(TestRunner.java:617)
	at org.testng.SuiteRunner.runTest(SuiteRunner.java:334)
	at org.testng.SuiteRunner.runSequentially(SuiteRunner.java:329)
	at org.testng.SuiteRunner.privateRun(SuiteRunner.java:291)
	at org.testng.SuiteRunner.run(SuiteRunner.java:240)
	at org.testng.SuiteRunnerWorker.runSuite(SuiteRunnerWorker.java:51)
	at org.testng.SuiteRunnerWorker.run(SuiteRunnerWorker.java:85)
	at org.testng.TestNG.runSuitesSequentially(TestNG.java:1197)
	at org.testng.TestNG.runSuitesLocally(TestNG.java:1122)
	at org.testng.TestNG.run(TestNG.java:1030)
	at org.testng.remote.RemoteTestNG.run(RemoteTestNG.java:111)
	at org.testng.remote.RemoteTestNG.initAndRun(RemoteTestNG.java:204)
	at org.testng.remote.RemoteTestNG.main(RemoteTestNG.java:175)
Caused by: org.apache.http.conn.HttpHostConnectException: Connection to http://127.0.0.1:7055 refused
	at org.apache.http.impl.conn.DefaultClientConnectionOperator.openConnection(DefaultClientConnectionOperator.java:158)
	at org.apache.http.impl.conn.AbstractPoolEntry.open(AbstractPoolEntry.java:150)
	at org.apache.http.impl.conn.AbstractPooledConnAdapter.open(AbstractPooledConnAdapter.java:121)
	at org.apache.http.impl.client.DefaultRequestDirector.tryConnect(DefaultRequestDirector.java:575)
	at org.apache.http.impl.client.DefaultRequestDirector.execute(DefaultRequestDirector.java:425)
	at org.apache.http.impl.client.AbstractHttpClient.execute(AbstractHttpClient.java:820)
	at org.openqa.selenium.remote.HttpCommandExecutor.fallBackExecute(HttpCommandExecutor.java:319)
	at org.openqa.selenium.remote.HttpCommandExecutor.execute(HttpCommandExecutor.java:297)
	at org.openqa.selenium.firefox.internal.NewProfileExtensionConnection.execute(NewProfileExtensionConnection.java:136)
	at org.openqa.selenium.firefox.FirefoxDriver$LazyCommandExecutor.execute(FirefoxDriver.java:325)
	at org.openqa.selenium.remote.RemoteWebDriver.execute(RemoteWebDriver.java:446)
	... 28 more
Caused by: java.net.ConnectException: Connection refused: connect
	at java.net.PlainSocketImpl.socketConnect(Native Method)
	at java.net.PlainSocketImpl.doConnect(PlainSocketImpl.java:351)
	at java.net.PlainSocketImpl.connectToAddress(PlainSocketImpl.java:213)
	at java.net.PlainSocketImpl.connect(PlainSocketImpl.java:200)
	at java.net.SocksSocketImpl.connect(SocksSocketImpl.java:366)
	at java.net.Socket.connect(Socket.java:529)
	at org.apache.http.conn.scheme.PlainSocketFactory.connectSocket(PlainSocketFactory.java:123)
	at org.apache.http.impl.conn.DefaultClientConnectionOperator.openConnection(DefaultClientConnectionOperator.java:148)
	... 38 more
</pre></div></td>
<td>1</td>
<td>com.clogic.SeleniumFramework.ClassTest@11c8a71</td></tr>
<tr>
<td title='com.clogic.SeleniumFramework.ClassTest.verifyRoles()'><b>verifyRoles</b><br>Test class: com.clogic.SeleniumFramework.ClassTest<br>Test method: Basic Sanity Test</td>
<td><div><pre>java.lang.NullPointerException
	at com.clogic.SeleniumFramework.ClassTest.verifyRoles(ClassTest.java:319)
	at sun.reflect.NativeMethodAccessorImpl.invoke0(Native Method)
	at sun.reflect.NativeMethodAccessorImpl.invoke(NativeMethodAccessorImpl.java:39)
	at sun.reflect.DelegatingMethodAccessorImpl.invoke(DelegatingMethodAccessorImpl.java:25)
	at java.lang.reflect.Method.invoke(Method.java:597)
	at org.testng.internal.MethodInvocationHelper.invokeMethod(MethodInvocationHelper.java:80)
	at org.testng.internal.Invoker.invokeMethod(Invoker.java:715)
	at org.testng.internal.Invoker.invokeTestMethod(Invoker.java:907)
	at org.testng.internal.Invoker.invokeTestMethods(Invoker.java:1237)
	at org.testng.internal.TestMethodWorker.invokeTestMethods(TestMethodWorker.java:127)
	at org.testng.internal.TestMethodWorker.run(TestMethodWorker.java:111)
	at org.testng.TestRunner.privateRun(TestRunner.java:767)
	at org.testng.TestRunner.run(TestRunner.java:617)
	at org.testng.SuiteRunner.runTest(SuiteRunner.java:334)
	at org.testng.SuiteRunner.runSequentially(SuiteRunner.java:329)
	at org.testng.SuiteRunner.privateRun(SuiteRunner.java:291)
	at org.testng.SuiteRunner.run(SuiteRunner.java:240)
	at org.testng.SuiteRunnerWorker.runSuite(SuiteRunnerWorker.java:51)
	at org.testng.SuiteRunnerWorker.run(SuiteRunnerWorker.java:85)
	at org.testng.TestNG.runSuitesSequentially(TestNG.java:1197)
	at org.testng.TestNG.runSuitesLocally(TestNG.java:1122)
	at org.testng.TestNG.run(TestNG.java:1030)
	at org.testng.remote.RemoteTestNG.run(RemoteTestNG.java:111)
	at org.testng.remote.RemoteTestNG.initAndRun(RemoteTestNG.java:204)
	at org.testng.remote.RemoteTestNG.main(RemoteTestNG.java:175)
</pre></div><a href='#' onClick='toggleBox("stack-trace5167364", this, "Click to show all stack frames", "Click to hide stack frames")'>Click to show all stack frames</a>
<div class='stack-trace' id='stack-trace5167364'><pre>java.lang.NullPointerException
	at com.clogic.SeleniumFramework.ClassTest.verifyRoles(ClassTest.java:319)
	at sun.reflect.NativeMethodAccessorImpl.invoke0(Native Method)
	at sun.reflect.NativeMethodAccessorImpl.invoke(NativeMethodAccessorImpl.java:39)
	at sun.reflect.DelegatingMethodAccessorImpl.invoke(DelegatingMethodAccessorImpl.java:25)
	at java.lang.reflect.Method.invoke(Method.java:597)
	at org.testng.internal.MethodInvocationHelper.invokeMethod(MethodInvocationHelper.java:80)
	at org.testng.internal.Invoker.invokeMethod(Invoker.java:715)
	at org.testng.internal.Invoker.invokeTestMethod(Invoker.java:907)
	at org.testng.internal.Invoker.invokeTestMethods(Invoker.java:1237)
	at org.testng.internal.TestMethodWorker.invokeTestMethods(TestMethodWorker.java:127)
	at org.testng.internal.TestMethodWorker.run(TestMethodWorker.java:111)
	at org.testng.TestRunner.privateRun(TestRunner.java:767)
	at org.testng.TestRunner.run(TestRunner.java:617)
	at org.testng.SuiteRunner.runTest(SuiteRunner.java:334)
	at org.testng.SuiteRunner.runSequentially(SuiteRunner.java:329)
	at org.testng.SuiteRunner.privateRun(SuiteRunner.java:291)
	at org.testng.SuiteRunner.run(SuiteRunner.java:240)
	at org.testng.SuiteRunnerWorker.runSuite(SuiteRunnerWorker.java:51)
	at org.testng.SuiteRunnerWorker.run(SuiteRunnerWorker.java:85)
	at org.testng.TestNG.runSuitesSequentially(TestNG.java:1197)
	at org.testng.TestNG.runSuitesLocally(TestNG.java:1122)
	at org.testng.TestNG.run(TestNG.java:1030)
	at org.testng.remote.RemoteTestNG.run(RemoteTestNG.java:111)
	at org.testng.remote.RemoteTestNG.initAndRun(RemoteTestNG.java:204)
	at org.testng.remote.RemoteTestNG.main(RemoteTestNG.java:175)
</pre></div></td>
<td>0</td>
<td>com.clogic.SeleniumFramework.ClassTest@11c8a71</td></tr>
</table><p>
<table width='100%' border='1' class='invocation-passed'>
<tr><td colspan='4' align='center'><b>PASSED TESTS</b></td></tr>
<tr><td><b>Test method</b></td>
<td width="30%"><b>Exception</b></td>
<td width="10%"><b>Time (seconds)</b></td>
<td><b>Instance</b></td>
</tr>
<tr>
<td title='com.clogic.SeleniumFramework.ClassTest.portalTest()'><b>portalTest</b><br>Test class: com.clogic.SeleniumFramework.ClassTest<br>Test method: Complete Portal Check</td>
<td></td>
<td>0</td>
<td>com.clogic.SeleniumFramework.ClassTest@11c8a71</td></tr>
</table><p>
</body>
</html>